{"E:\\Github_Repos\\Freelance_upcode\\timesheet-pro-vn\\App.tsx": {"path":"E:\\Github_Repos\\Freelance_upcode\\timesheet-pro-vn\\App.tsx","statementMap":{"0":{"start":{"line":13,"column":22},"end":{"line":383,"column":null}},"1":{"start":{"line":15,"column":34},"end":{"line":15,"column":null}},"2":{"start":{"line":16,"column":36},"end":{"line":16,"column":null}},"3":{"start":{"line":17,"column":36},"end":{"line":17,"column":null}},"4":{"start":{"line":19,"column":22},"end":{"line":19,"column":null}},"5":{"start":{"line":20,"column":24},"end":{"line":20,"column":null}},"6":{"start":{"line":23,"column":38},"end":{"line":23,"column":null}},"7":{"start":{"line":26,"column":30},"end":{"line":28,"column":null}},"8":{"start":{"line":27,"column":4},"end":{"line":27,"column":null}},"9":{"start":{"line":27,"column":26},"end":{"line":27,"column":64}},"10":{"start":{"line":30,"column":28},"end":{"line":30,"column":null}},"11":{"start":{"line":32,"column":30},"end":{"line":32,"column":null}},"12":{"start":{"line":33,"column":38},"end":{"line":33,"column":null}},"13":{"start":{"line":34,"column":46},"end":{"line":34,"column":null}},"14":{"start":{"line":35,"column":8},"end":{"line":35,"column":null}},"15":{"start":{"line":38,"column":2},"end":{"line":44,"column":null}},"16":{"start":{"line":40,"column":21},"end":{"line":40,"column":null}},"17":{"start":{"line":41,"column":4},"end":{"line":43,"column":null}},"18":{"start":{"line":42,"column":7},"end":{"line":42,"column":null}},"19":{"start":{"line":46,"column":22},"end":{"line":57,"column":null}},"20":{"start":{"line":48,"column":17},"end":{"line":48,"column":null}},"21":{"start":{"line":48,"column":40},"end":{"line":48,"column":78}},"22":{"start":{"line":49,"column":4},"end":{"line":56,"column":null}},"23":{"start":{"line":50,"column":8},"end":{"line":50,"column":null}},"24":{"start":{"line":51,"column":8},"end":{"line":51,"column":null}},"25":{"start":{"line":53,"column":8},"end":{"line":53,"column":null}},"26":{"start":{"line":55,"column":8},"end":{"line":55,"column":null}},"27":{"start":{"line":59,"column":23},"end":{"line":62,"column":null}},"28":{"start":{"line":60,"column":6},"end":{"line":60,"column":null}},"29":{"start":{"line":61,"column":6},"end":{"line":61,"column":null}},"30":{"start":{"line":66,"column":35},"end":{"line":101,"column":null}},"31":{"start":{"line":68,"column":28},"end":{"line":68,"column":null}},"32":{"start":{"line":69,"column":32},"end":{"line":69,"column":null}},"33":{"start":{"line":71,"column":4},"end":{"line":97,"column":null}},"34":{"start":{"line":73,"column":29},"end":{"line":73,"column":null}},"35":{"start":{"line":73,"column":60},"end":{"line":73,"column":85}},"36":{"start":{"line":74,"column":6},"end":{"line":83,"column":null}},"37":{"start":{"line":76,"column":8},"end":{"line":79,"column":null}},"38":{"start":{"line":82,"column":8},"end":{"line":82,"column":null}},"39":{"start":{"line":86,"column":31},"end":{"line":86,"column":null}},"40":{"start":{"line":86,"column":66},"end":{"line":86,"column":91}},"41":{"start":{"line":87,"column":6},"end":{"line":96,"column":null}},"42":{"start":{"line":89,"column":8},"end":{"line":92,"column":null}},"43":{"start":{"line":95,"column":8},"end":{"line":95,"column":null}},"44":{"start":{"line":99,"column":4},"end":{"line":99,"column":null}},"45":{"start":{"line":100,"column":4},"end":{"line":100,"column":null}},"46":{"start":{"line":103,"column":31},"end":{"line":108,"column":null}},"47":{"start":{"line":105,"column":6},"end":{"line":105,"column":null}},"48":{"start":{"line":105,"column":30},"end":{"line":105,"column":84}},"49":{"start":{"line":105,"column":44},"end":{"line":105,"column":83}},"50":{"start":{"line":107,"column":6},"end":{"line":107,"column":null}},"51":{"start":{"line":107,"column":26},"end":{"line":107,"column":80}},"52":{"start":{"line":107,"column":40},"end":{"line":107,"column":79}},"53":{"start":{"line":110,"column":31},"end":{"line":115,"column":null}},"54":{"start":{"line":112,"column":6},"end":{"line":112,"column":null}},"55":{"start":{"line":112,"column":30},"end":{"line":112,"column":62}},"56":{"start":{"line":112,"column":47},"end":{"line":112,"column":61}},"57":{"start":{"line":114,"column":6},"end":{"line":114,"column":null}},"58":{"start":{"line":114,"column":26},"end":{"line":114,"column":58}},"59":{"start":{"line":114,"column":43},"end":{"line":114,"column":57}},"60":{"start":{"line":117,"column":28},"end":{"line":122,"column":null}},"61":{"start":{"line":119,"column":6},"end":{"line":119,"column":null}},"62":{"start":{"line":119,"column":30},"end":{"line":119,"column":47}},"63":{"start":{"line":121,"column":6},"end":{"line":121,"column":null}},"64":{"start":{"line":121,"column":26},"end":{"line":121,"column":66}},"65":{"start":{"line":124,"column":30},"end":{"line":126,"column":null}},"66":{"start":{"line":125,"column":6},"end":{"line":125,"column":null}},"67":{"start":{"line":128,"column":27},"end":{"line":130,"column":null}},"68":{"start":{"line":129,"column":6},"end":{"line":129,"column":null}},"69":{"start":{"line":132,"column":28},"end":{"line":179,"column":null}},"70":{"start":{"line":133,"column":17},"end":{"line":133,"column":null}},"71":{"start":{"line":134,"column":4},"end":{"line":134,"column":null}},"72":{"start":{"line":134,"column":15},"end":{"line":134,"column":null}},"73":{"start":{"line":136,"column":4},"end":{"line":136,"column":null}},"74":{"start":{"line":138,"column":4},"end":{"line":173,"column":null}},"75":{"start":{"line":139,"column":55},"end":{"line":139,"column":null}},"76":{"start":{"line":141,"column":6},"end":{"line":143,"column":null}},"77":{"start":{"line":142,"column":8},"end":{"line":142,"column":null}},"78":{"start":{"line":145,"column":6},"end":{"line":170,"column":null}},"79":{"start":{"line":147,"column":32},"end":{"line":147,"column":null}},"80":{"start":{"line":148,"column":36},"end":{"line":148,"column":null}},"81":{"start":{"line":150,"column":8},"end":{"line":165,"column":null}},"82":{"start":{"line":151,"column":33},"end":{"line":151,"column":null}},"83":{"start":{"line":151,"column":64},"end":{"line":151,"column":88}},"84":{"start":{"line":152,"column":10},"end":{"line":159,"column":null}},"85":{"start":{"line":153,"column":12},"end":{"line":156,"column":null}},"86":{"start":{"line":158,"column":12},"end":{"line":158,"column":null}},"87":{"start":{"line":161,"column":35},"end":{"line":161,"column":null}},"88":{"start":{"line":161,"column":70},"end":{"line":161,"column":94}},"89":{"start":{"line":162,"column":10},"end":{"line":164,"column":null}},"90":{"start":{"line":163,"column":12},"end":{"line":163,"column":null}},"91":{"start":{"line":167,"column":8},"end":{"line":167,"column":null}},"92":{"start":{"line":168,"column":8},"end":{"line":168,"column":null}},"93":{"start":{"line":169,"column":8},"end":{"line":169,"column":null}},"94":{"start":{"line":172,"column":6},"end":{"line":172,"column":null}},"95":{"start":{"line":176,"column":4},"end":{"line":178,"column":null}},"96":{"start":{"line":177,"column":6},"end":{"line":177,"column":null}},"97":{"start":{"line":182,"column":18},"end":{"line":182,"column":null}},"98":{"start":{"line":185,"column":2},"end":{"line":187,"column":null}},"99":{"start":{"line":186,"column":6},"end":{"line":186,"column":null}},"100":{"start":{"line":190,"column":2},"end":{"line":381,"column":null}},"101":{"start":{"line":212,"column":31},"end":{"line":212,"column":null}},"102":{"start":{"line":220,"column":39},"end":{"line":220,"column":null}},"103":{"start":{"line":226,"column":39},"end":{"line":226,"column":null}},"104":{"start":{"line":240,"column":45},"end":{"line":240,"column":null}},"105":{"start":{"line":244,"column":32},"end":{"line":244,"column":null}},"106":{"start":{"line":250,"column":45},"end":{"line":250,"column":null}},"107":{"start":{"line":257,"column":34},"end":{"line":257,"column":null}},"108":{"start":{"line":283,"column":39},"end":{"line":283,"column":null}},"109":{"start":{"line":290,"column":39},"end":{"line":290,"column":null}},"110":{"start":{"line":297,"column":33},"end":{"line":297,"column":null}},"111":{"start":{"line":369,"column":23},"end":{"line":369,"column":null}},"112":{"start":{"line":376,"column":25},"end":{"line":376,"column":null}}},"fnMap":{"0":{"name":"(anonymous_0)","decl":{"start":{"line":13,"column":22},"end":{"line":13,"column":28}},"loc":{"start":{"line":13,"column":28},"end":{"line":383,"column":null}},"line":13},"1":{"name":"(anonymous_1)","decl":{"start":{"line":26,"column":55},"end":{"line":26,"column":null}},"loc":{"start":{"line":27,"column":4},"end":{"line":27,"column":null}},"line":27},"2":{"name":"(anonymous_2)","decl":{"start":{"line":27,"column":26},"end":{"line":27,"column":33}},"loc":{"start":{"line":27,"column":26},"end":{"line":27,"column":64}},"line":27},"3":{"name":"(anonymous_3)","decl":{"start":{"line":38,"column":12},"end":{"line":38,"column":18}},"loc":{"start":{"line":38,"column":18},"end":{"line":44,"column":5}},"line":38},"4":{"name":"(anonymous_4)","decl":{"start":{"line":46,"column":22},"end":{"line":46,"column":29}},"loc":{"start":{"line":46,"column":60},"end":{"line":57,"column":null}},"line":46},"5":{"name":"(anonymous_5)","decl":{"start":{"line":48,"column":35},"end":{"line":48,"column":40}},"loc":{"start":{"line":48,"column":40},"end":{"line":48,"column":78}},"line":48},"6":{"name":"(anonymous_6)","decl":{"start":{"line":59,"column":23},"end":{"line":59,"column":29}},"loc":{"start":{"line":59,"column":29},"end":{"line":62,"column":null}},"line":59},"7":{"name":"(anonymous_7)","decl":{"start":{"line":66,"column":35},"end":{"line":66,"column":36}},"loc":{"start":{"line":66,"column":71},"end":{"line":101,"column":null}},"line":66},"8":{"name":"(anonymous_8)","decl":{"start":{"line":71,"column":31},"end":{"line":71,"column":44}},"loc":{"start":{"line":71,"column":44},"end":{"line":97,"column":5}},"line":71},"9":{"name":"(anonymous_9)","decl":{"start":{"line":73,"column":55},"end":{"line":73,"column":60}},"loc":{"start":{"line":73,"column":60},"end":{"line":73,"column":85}},"line":73},"10":{"name":"(anonymous_10)","decl":{"start":{"line":86,"column":61},"end":{"line":86,"column":66}},"loc":{"start":{"line":86,"column":66},"end":{"line":86,"column":91}},"line":86},"11":{"name":"(anonymous_11)","decl":{"start":{"line":103,"column":31},"end":{"line":103,"column":32}},"loc":{"start":{"line":103,"column":57},"end":{"line":108,"column":null}},"line":103},"12":{"name":"(anonymous_12)","decl":{"start":{"line":105,"column":22},"end":{"line":105,"column":30}},"loc":{"start":{"line":105,"column":30},"end":{"line":105,"column":84}},"line":105},"13":{"name":"(anonymous_13)","decl":{"start":{"line":105,"column":39},"end":{"line":105,"column":44}},"loc":{"start":{"line":105,"column":44},"end":{"line":105,"column":83}},"line":105},"14":{"name":"(anonymous_14)","decl":{"start":{"line":107,"column":18},"end":{"line":107,"column":26}},"loc":{"start":{"line":107,"column":26},"end":{"line":107,"column":80}},"line":107},"15":{"name":"(anonymous_15)","decl":{"start":{"line":107,"column":35},"end":{"line":107,"column":40}},"loc":{"start":{"line":107,"column":40},"end":{"line":107,"column":79}},"line":107},"16":{"name":"(anonymous_16)","decl":{"start":{"line":110,"column":31},"end":{"line":110,"column":32}},"loc":{"start":{"line":110,"column":50},"end":{"line":115,"column":null}},"line":110},"17":{"name":"(anonymous_17)","decl":{"start":{"line":112,"column":22},"end":{"line":112,"column":30}},"loc":{"start":{"line":112,"column":30},"end":{"line":112,"column":62}},"line":112},"18":{"name":"(anonymous_18)","decl":{"start":{"line":112,"column":42},"end":{"line":112,"column":47}},"loc":{"start":{"line":112,"column":47},"end":{"line":112,"column":61}},"line":112},"19":{"name":"(anonymous_19)","decl":{"start":{"line":114,"column":18},"end":{"line":114,"column":26}},"loc":{"start":{"line":114,"column":26},"end":{"line":114,"column":58}},"line":114},"20":{"name":"(anonymous_20)","decl":{"start":{"line":114,"column":38},"end":{"line":114,"column":43}},"loc":{"start":{"line":114,"column":43},"end":{"line":114,"column":57}},"line":114},"21":{"name":"(anonymous_21)","decl":{"start":{"line":117,"column":28},"end":{"line":117,"column":29}},"loc":{"start":{"line":117,"column":50},"end":{"line":122,"column":null}},"line":117},"22":{"name":"(anonymous_22)","decl":{"start":{"line":119,"column":22},"end":{"line":119,"column":30}},"loc":{"start":{"line":119,"column":30},"end":{"line":119,"column":47}},"line":119},"23":{"name":"(anonymous_23)","decl":{"start":{"line":121,"column":18},"end":{"line":121,"column":26}},"loc":{"start":{"line":121,"column":26},"end":{"line":121,"column":66}},"line":121},"24":{"name":"(anonymous_24)","decl":{"start":{"line":124,"column":30},"end":{"line":124,"column":31}},"loc":{"start":{"line":124,"column":56},"end":{"line":126,"column":null}},"line":124},"25":{"name":"(anonymous_25)","decl":{"start":{"line":128,"column":27},"end":{"line":128,"column":28}},"loc":{"start":{"line":128,"column":52},"end":{"line":130,"column":null}},"line":128},"26":{"name":"(anonymous_26)","decl":{"start":{"line":132,"column":28},"end":{"line":132,"column":35}},"loc":{"start":{"line":132,"column":78},"end":{"line":179,"column":null}},"line":132},"27":{"name":"(anonymous_27)","decl":{"start":{"line":150,"column":34},"end":{"line":150,"column":46}},"loc":{"start":{"line":150,"column":46},"end":{"line":165,"column":9}},"line":150},"28":{"name":"(anonymous_28)","decl":{"start":{"line":151,"column":59},"end":{"line":151,"column":64}},"loc":{"start":{"line":151,"column":64},"end":{"line":151,"column":88}},"line":151},"29":{"name":"(anonymous_29)","decl":{"start":{"line":161,"column":65},"end":{"line":161,"column":70}},"loc":{"start":{"line":161,"column":70},"end":{"line":161,"column":94}},"line":161},"30":{"name":"(anonymous_30)","decl":{"start":{"line":212,"column":25},"end":{"line":212,"column":31}},"loc":{"start":{"line":212,"column":31},"end":{"line":212,"column":null}},"line":212},"31":{"name":"(anonymous_31)","decl":{"start":{"line":220,"column":33},"end":{"line":220,"column":39}},"loc":{"start":{"line":220,"column":39},"end":{"line":220,"column":null}},"line":220},"32":{"name":"(anonymous_32)","decl":{"start":{"line":226,"column":33},"end":{"line":226,"column":39}},"loc":{"start":{"line":226,"column":39},"end":{"line":226,"column":null}},"line":226},"33":{"name":"(anonymous_33)","decl":{"start":{"line":240,"column":38},"end":{"line":240,"column":39}},"loc":{"start":{"line":240,"column":45},"end":{"line":240,"column":null}},"line":240},"34":{"name":"(anonymous_34)","decl":{"start":{"line":243,"column":58},"end":{"line":243,"column":59}},"loc":{"start":{"line":244,"column":32},"end":{"line":244,"column":null}},"line":244},"35":{"name":"(anonymous_35)","decl":{"start":{"line":250,"column":38},"end":{"line":250,"column":39}},"loc":{"start":{"line":250,"column":45},"end":{"line":250,"column":null}},"line":250},"36":{"name":"(anonymous_36)","decl":{"start":{"line":257,"column":28},"end":{"line":257,"column":34}},"loc":{"start":{"line":257,"column":34},"end":{"line":257,"column":null}},"line":257},"37":{"name":"(anonymous_37)","decl":{"start":{"line":283,"column":33},"end":{"line":283,"column":39}},"loc":{"start":{"line":283,"column":39},"end":{"line":283,"column":null}},"line":283},"38":{"name":"(anonymous_38)","decl":{"start":{"line":290,"column":33},"end":{"line":290,"column":39}},"loc":{"start":{"line":290,"column":39},"end":{"line":290,"column":null}},"line":290},"39":{"name":"(anonymous_39)","decl":{"start":{"line":297,"column":33},"end":{"line":297,"column":39}},"loc":{"start":{"line":297,"column":33},"end":{"line":297,"column":null}},"line":297},"40":{"name":"(anonymous_40)","decl":{"start":{"line":369,"column":17},"end":{"line":369,"column":23}},"loc":{"start":{"line":369,"column":23},"end":{"line":369,"column":null}},"line":369},"41":{"name":"(anonymous_41)","decl":{"start":{"line":376,"column":19},"end":{"line":376,"column":25}},"loc":{"start":{"line":376,"column":25},"end":{"line":376,"column":null}},"line":376}},"branchMap":{"0":{"loc":{"start":{"line":41,"column":4},"end":{"line":43,"column":null}},"type":"if","locations":[{"start":{"line":41,"column":4},"end":{"line":43,"column":null}},{"start":{},"end":{}}],"line":41},"1":{"loc":{"start":{"line":48,"column":40},"end":{"line":48,"column":78}},"type":"binary-expr","locations":[{"start":{"line":48,"column":40},"end":{"line":48,"column":59}},{"start":{"line":48,"column":59},"end":{"line":48,"column":78}}],"line":48},"2":{"loc":{"start":{"line":49,"column":4},"end":{"line":56,"column":null}},"type":"if","locations":[{"start":{"line":49,"column":4},"end":{"line":56,"column":null}},{"start":{"line":54,"column":11},"end":{"line":56,"column":null}}],"line":49},"3":{"loc":{"start":{"line":74,"column":6},"end":{"line":83,"column":null}},"type":"if","locations":[{"start":{"line":74,"column":6},"end":{"line":83,"column":null}},{"start":{"line":80,"column":13},"end":{"line":83,"column":null}}],"line":74},"4":{"loc":{"start":{"line":87,"column":6},"end":{"line":96,"column":null}},"type":"if","locations":[{"start":{"line":87,"column":6},"end":{"line":96,"column":null}},{"start":{"line":93,"column":13},"end":{"line":96,"column":null}}],"line":87},"5":{"loc":{"start":{"line":105,"column":44},"end":{"line":105,"column":83}},"type":"cond-expr","locations":[{"start":{"line":105,"column":69},"end":{"line":105,"column":82}},{"start":{"line":105,"column":82},"end":{"line":105,"column":83}}],"line":105},"6":{"loc":{"start":{"line":107,"column":40},"end":{"line":107,"column":79}},"type":"cond-expr","locations":[{"start":{"line":107,"column":65},"end":{"line":107,"column":78}},{"start":{"line":107,"column":78},"end":{"line":107,"column":79}}],"line":107},"7":{"loc":{"start":{"line":134,"column":4},"end":{"line":134,"column":null}},"type":"if","locations":[{"start":{"line":134,"column":4},"end":{"line":134,"column":null}},{"start":{},"end":{}}],"line":134},"8":{"loc":{"start":{"line":141,"column":6},"end":{"line":143,"column":null}},"type":"if","locations":[{"start":{"line":141,"column":6},"end":{"line":143,"column":null}},{"start":{},"end":{}}],"line":141},"9":{"loc":{"start":{"line":145,"column":6},"end":{"line":170,"column":null}},"type":"if","locations":[{"start":{"line":145,"column":6},"end":{"line":170,"column":null}},{"start":{},"end":{}}],"line":145},"10":{"loc":{"start":{"line":152,"column":10},"end":{"line":159,"column":null}},"type":"if","locations":[{"start":{"line":152,"column":10},"end":{"line":159,"column":null}},{"start":{"line":157,"column":17},"end":{"line":159,"column":null}}],"line":152},"11":{"loc":{"start":{"line":162,"column":10},"end":{"line":164,"column":null}},"type":"if","locations":[{"start":{"line":162,"column":10},"end":{"line":164,"column":null}},{"start":{},"end":{}}],"line":162},"12":{"loc":{"start":{"line":176,"column":4},"end":{"line":178,"column":null}},"type":"if","locations":[{"start":{"line":176,"column":4},"end":{"line":178,"column":null}},{"start":{},"end":{}}],"line":176},"13":{"loc":{"start":{"line":185,"column":2},"end":{"line":187,"column":null}},"type":"if","locations":[{"start":{"line":185,"column":2},"end":{"line":187,"column":null}},{"start":{},"end":{}}],"line":185},"14":{"loc":{"start":{"line":205,"column":85},"end":{"line":205,"column":142}},"type":"cond-expr","locations":[{"start":{"line":205,"column":117},"end":{"line":205,"column":130}},{"start":{"line":205,"column":130},"end":{"line":205,"column":142}}],"line":205},"15":{"loc":{"start":{"line":213,"column":89},"end":{"line":213,"column":186}},"type":"cond-expr","locations":[{"start":{"line":213,"column":119},"end":{"line":213,"column":153}},{"start":{"line":213,"column":153},"end":{"line":213,"column":186}}],"line":213},"16":{"loc":{"start":{"line":217,"column":14},"end":{"line":231,"column":null}},"type":"binary-expr","locations":[{"start":{"line":217,"column":14},"end":{"line":217,"column":null}},{"start":{"line":218,"column":17},"end":{"line":231,"column":null}}],"line":217},"17":{"loc":{"start":{"line":221,"column":97},"end":{"line":221,"column":192}},"type":"cond-expr","locations":[{"start":{"line":221,"column":125},"end":{"line":221,"column":159}},{"start":{"line":221,"column":159},"end":{"line":221,"column":192}}],"line":221},"18":{"loc":{"start":{"line":227,"column":97},"end":{"line":227,"column":187}},"type":"cond-expr","locations":[{"start":{"line":227,"column":120},"end":{"line":227,"column":154}},{"start":{"line":227,"column":154},"end":{"line":227,"column":187}}],"line":227},"19":{"loc":{"start":{"line":236,"column":17},"end":{"line":253,"column":null}},"type":"binary-expr","locations":[{"start":{"line":236,"column":17},"end":{"line":236,"column":null}},{"start":{"line":237,"column":20},"end":{"line":253,"column":null}}],"line":236},"20":{"loc":{"start":{"line":278,"column":9},"end":{"line":357,"column":null}},"type":"cond-expr","locations":[{"start":{"line":279,"column":12},"end":{"line":340,"column":null}},{"start":{"line":341,"column":12},"end":{"line":357,"column":null}}],"line":278},"21":{"loc":{"start":{"line":312,"column":17},"end":{"line":328,"column":null}},"type":"binary-expr","locations":[{"start":{"line":312,"column":17},"end":{"line":312,"column":null}},{"start":{"line":313,"column":20},"end":{"line":328,"column":null}}],"line":312},"22":{"loc":{"start":{"line":319,"column":25},"end":{"line":326,"column":null}},"type":"binary-expr","locations":[{"start":{"line":319,"column":25},"end":{"line":319,"column":null}},{"start":{"line":320,"column":28},"end":{"line":326,"column":null}}],"line":319},"23":{"loc":{"start":{"line":341,"column":12},"end":{"line":357,"column":null}},"type":"cond-expr","locations":[{"start":{"line":342,"column":12},"end":{"line":346,"column":null}},{"start":{"line":348,"column":12},"end":{"line":357,"column":null}}],"line":341},"24":{"loc":{"start":{"line":373,"column":7},"end":{"line":379,"column":null}},"type":"binary-expr","locations":[{"start":{"line":373,"column":7},"end":{"line":373,"column":null}},{"start":{"line":374,"column":8},"end":{"line":379,"column":null}}],"line":373}},"s":{"0":1,"1":2,"2":2,"3":2,"4":2,"5":2,"6":2,"7":2,"8":2,"9":16,"10":2,"11":2,"12":2,"13":2,"14":2,"15":2,"16":2,"17":2,"18":0,"19":2,"20":0,"21":0,"22":0,"23":0,"24":0,"25":0,"26":0,"27":2,"28":0,"29":0,"30":2,"31":0,"32":0,"33":0,"34":0,"35":0,"36":0,"37":0,"38":0,"39":0,"40":0,"41":0,"42":0,"43":0,"44":0,"45":0,"46":2,"47":0,"48":0,"49":0,"50":0,"51":0,"52":0,"53":2,"54":0,"55":0,"56":0,"57":0,"58":0,"59":0,"60":2,"61":0,"62":0,"63":0,"64":0,"65":2,"66":0,"67":2,"68":0,"69":2,"70":0,"71":0,"72":0,"73":0,"74":0,"75":0,"76":0,"77":0,"78":0,"79":0,"80":0,"81":0,"82":0,"83":0,"84":0,"85":0,"86":0,"87":0,"88":0,"89":0,"90":0,"91":0,"92":0,"93":0,"94":0,"95":0,"96":0,"97":2,"98":2,"99":2,"100":0,"101":0,"102":0,"103":0,"104":0,"105":0,"106":0,"107":0,"108":0,"109":0,"110":0,"111":0,"112":0},"f":{"0":2,"1":2,"2":16,"3":2,"4":0,"5":0,"6":0,"7":0,"8":0,"9":0,"10":0,"11":0,"12":0,"13":0,"14":0,"15":0,"16":0,"17":0,"18":0,"19":0,"20":0,"21":0,"22":0,"23":0,"24":0,"25":0,"26":0,"27":0,"28":0,"29":0,"30":0,"31":0,"32":0,"33":0,"34":0,"35":0,"36":0,"37":0,"38":0,"39":0,"40":0,"41":0},"b":{"0":[0,2],"1":[0,0],"2":[0,0],"3":[0,0],"4":[0,0],"5":[0,0],"6":[0,0],"7":[0,0],"8":[0,0],"9":[0,0],"10":[0,0],"11":[0,0],"12":[0,0],"13":[2,0],"14":[0,0],"15":[0,0],"16":[2,0],"17":[0,0],"18":[0,0],"19":[2,0],"20":[0,0],"21":[0,0],"22":[0,0],"23":[0,0],"24":[2,0]},"meta":{"lastBranch":25,"lastFunction":42,"lastStatement":113,"seen":{"s:13:22:383:Infinity":0,"f:13:22:13:28":0,"s:15:34:15:Infinity":1,"s:16:36:16:Infinity":2,"s:17:36:17:Infinity":3,"s:19:22:19:Infinity":4,"s:20:24:20:Infinity":5,"s:23:38:23:Infinity":6,"s:26:30:28:Infinity":7,"f:26:55:26:Infinity":1,"s:27:4:27:Infinity":8,"f:27:26:27:33":2,"s:27:26:27:64":9,"s:30:28:30:Infinity":10,"s:32:30:32:Infinity":11,"s:33:38:33:Infinity":12,"s:34:46:34:Infinity":13,"s:35:8:35:Infinity":14,"s:38:2:44:Infinity":15,"f:38:12:38:18":3,"s:40:21:40:Infinity":16,"b:41:4:43:Infinity:undefined:undefined:undefined:undefined":0,"s:41:4:43:Infinity":17,"s:42:7:42:Infinity":18,"s:46:22:57:Infinity":19,"f:46:22:46:29":4,"s:48:17:48:Infinity":20,"f:48:35:48:40":5,"s:48:40:48:78":21,"b:48:40:48:59:48:59:48:78":1,"b:49:4:56:Infinity:54:11:56:Infinity":2,"s:49:4:56:Infinity":22,"s:50:8:50:Infinity":23,"s:51:8:51:Infinity":24,"s:53:8:53:Infinity":25,"s:55:8:55:Infinity":26,"s:59:23:62:Infinity":27,"f:59:23:59:29":6,"s:60:6:60:Infinity":28,"s:61:6:61:Infinity":29,"s:66:35:101:Infinity":30,"f:66:35:66:36":7,"s:68:28:68:Infinity":31,"s:69:32:69:Infinity":32,"s:71:4:97:Infinity":33,"f:71:31:71:44":8,"s:73:29:73:Infinity":34,"f:73:55:73:60":9,"s:73:60:73:85":35,"b:74:6:83:Infinity:80:13:83:Infinity":3,"s:74:6:83:Infinity":36,"s:76:8:79:Infinity":37,"s:82:8:82:Infinity":38,"s:86:31:86:Infinity":39,"f:86:61:86:66":10,"s:86:66:86:91":40,"b:87:6:96:Infinity:93:13:96:Infinity":4,"s:87:6:96:Infinity":41,"s:89:8:92:Infinity":42,"s:95:8:95:Infinity":43,"s:99:4:99:Infinity":44,"s:100:4:100:Infinity":45,"s:103:31:108:Infinity":46,"f:103:31:103:32":11,"s:105:6:105:Infinity":47,"f:105:22:105:30":12,"s:105:30:105:84":48,"f:105:39:105:44":13,"s:105:44:105:83":49,"b:105:69:105:82:105:82:105:83":5,"s:107:6:107:Infinity":50,"f:107:18:107:26":14,"s:107:26:107:80":51,"f:107:35:107:40":15,"s:107:40:107:79":52,"b:107:65:107:78:107:78:107:79":6,"s:110:31:115:Infinity":53,"f:110:31:110:32":16,"s:112:6:112:Infinity":54,"f:112:22:112:30":17,"s:112:30:112:62":55,"f:112:42:112:47":18,"s:112:47:112:61":56,"s:114:6:114:Infinity":57,"f:114:18:114:26":19,"s:114:26:114:58":58,"f:114:38:114:43":20,"s:114:43:114:57":59,"s:117:28:122:Infinity":60,"f:117:28:117:29":21,"s:119:6:119:Infinity":61,"f:119:22:119:30":22,"s:119:30:119:47":62,"s:121:6:121:Infinity":63,"f:121:18:121:26":23,"s:121:26:121:66":64,"s:124:30:126:Infinity":65,"f:124:30:124:31":24,"s:125:6:125:Infinity":66,"s:128:27:130:Infinity":67,"f:128:27:128:28":25,"s:129:6:129:Infinity":68,"s:132:28:179:Infinity":69,"f:132:28:132:35":26,"s:133:17:133:Infinity":70,"b:134:4:134:Infinity:undefined:undefined:undefined:undefined":7,"s:134:4:134:Infinity":71,"s:134:15:134:Infinity":72,"s:136:4:136:Infinity":73,"s:138:4:173:Infinity":74,"s:139:55:139:Infinity":75,"b:141:6:143:Infinity:undefined:undefined:undefined:undefined":8,"s:141:6:143:Infinity":76,"s:142:8:142:Infinity":77,"b:145:6:170:Infinity:undefined:undefined:undefined:undefined":9,"s:145:6:170:Infinity":78,"s:147:32:147:Infinity":79,"s:148:36:148:Infinity":80,"s:150:8:165:Infinity":81,"f:150:34:150:46":27,"s:151:33:151:Infinity":82,"f:151:59:151:64":28,"s:151:64:151:88":83,"b:152:10:159:Infinity:157:17:159:Infinity":10,"s:152:10:159:Infinity":84,"s:153:12:156:Infinity":85,"s:158:12:158:Infinity":86,"s:161:35:161:Infinity":87,"f:161:65:161:70":29,"s:161:70:161:94":88,"b:162:10:164:Infinity:undefined:undefined:undefined:undefined":11,"s:162:10:164:Infinity":89,"s:163:12:163:Infinity":90,"s:167:8:167:Infinity":91,"s:168:8:168:Infinity":92,"s:169:8:169:Infinity":93,"s:172:6:172:Infinity":94,"b:176:4:178:Infinity:undefined:undefined:undefined:undefined":12,"s:176:4:178:Infinity":95,"s:177:6:177:Infinity":96,"s:182:18:182:Infinity":97,"b:185:2:187:Infinity:undefined:undefined:undefined:undefined":13,"s:185:2:187:Infinity":98,"s:186:6:186:Infinity":99,"s:190:2:381:Infinity":100,"b:205:117:205:130:205:130:205:142":14,"f:212:25:212:31":30,"s:212:31:212:Infinity":101,"b:213:119:213:153:213:153:213:186":15,"b:217:14:217:Infinity:218:17:231:Infinity":16,"f:220:33:220:39":31,"s:220:39:220:Infinity":102,"b:221:125:221:159:221:159:221:192":17,"f:226:33:226:39":32,"s:226:39:226:Infinity":103,"b:227:120:227:154:227:154:227:187":18,"b:236:17:236:Infinity:237:20:253:Infinity":19,"f:240:38:240:39":33,"s:240:45:240:Infinity":104,"f:243:58:243:59":34,"s:244:32:244:Infinity":105,"f:250:38:250:39":35,"s:250:45:250:Infinity":106,"f:257:28:257:34":36,"s:257:34:257:Infinity":107,"b:279:12:340:Infinity:341:12:357:Infinity":20,"f:283:33:283:39":37,"s:283:39:283:Infinity":108,"f:290:33:290:39":38,"s:290:39:290:Infinity":109,"f:297:33:297:39":39,"s:297:33:297:Infinity":110,"b:312:17:312:Infinity:313:20:328:Infinity":21,"b:319:25:319:Infinity:320:28:326:Infinity":22,"b:342:12:346:Infinity:348:12:357:Infinity":23,"f:369:17:369:23":40,"s:369:23:369:Infinity":111,"b:373:7:373:Infinity:374:8:379:Infinity":24,"f:376:19:376:25":41,"s:376:25:376:Infinity":112}}}
,"E:\\Github_Repos\\Freelance_upcode\\timesheet-pro-vn\\constants.ts": {"path":"E:\\Github_Repos\\Freelance_upcode\\timesheet-pro-vn\\constants.ts","statementMap":{"0":{"start":{"line":3,"column":45},"end":{"line":84,"column":null}},"1":{"start":{"line":86,"column":41},"end":{"line":112,"column":null}},"2":{"start":{"line":114,"column":31},"end":{"line":114,"column":null}},"3":{"start":{"line":115,"column":31},"end":{"line":115,"column":null}},"4":{"start":{"line":118,"column":38},"end":{"line":130,"column":null}},"5":{"start":{"line":119,"column":45},"end":{"line":119,"column":null}},"6":{"start":{"line":120,"column":2},"end":{"line":128,"column":null}},"7":{"start":{"line":120,"column":15},"end":{"line":120,"column":18}},"8":{"start":{"line":121,"column":17},"end":{"line":121,"column":null}},"9":{"start":{"line":122,"column":16},"end":{"line":122,"column":null}},"10":{"start":{"line":123,"column":4},"end":{"line":127,"column":null}},"11":{"start":{"line":124,"column":6},"end":{"line":124,"column":null}},"12":{"start":{"line":126,"column":6},"end":{"line":126,"column":null}},"13":{"start":{"line":129,"column":2},"end":{"line":129,"column":null}}},"fnMap":{"0":{"name":"(anonymous_0)","decl":{"start":{"line":118,"column":38},"end":{"line":118,"column":39}},"loc":{"start":{"line":118,"column":78},"end":{"line":130,"column":null}},"line":118}},"branchMap":{"0":{"loc":{"start":{"line":123,"column":4},"end":{"line":127,"column":null}},"type":"if","locations":[{"start":{"line":123,"column":4},"end":{"line":127,"column":null}},{"start":{"line":125,"column":11},"end":{"line":127,"column":null}}],"line":123},"1":{"loc":{"start":{"line":126,"column":22},"end":{"line":126,"column":null}},"type":"cond-expr","locations":[{"start":{"line":126,"column":44},"end":{"line":126,"column":50}},{"start":{"line":126,"column":50},"end":{"line":126,"column":null}}],"line":126},"2":{"loc":{"start":{"line":126,"column":50},"end":{"line":126,"column":null}},"type":"cond-expr","locations":[{"start":{"line":126,"column":72},"end":{"line":126,"column":80}},{"start":{"line":126,"column":80},"end":{"line":126,"column":null}}],"line":126}},"s":{"0":1,"1":1,"2":1,"3":1,"4":1,"5":16,"6":16,"7":16,"8":496,"9":496,"10":496,"11":64,"12":432,"13":16},"f":{"0":16},"b":{"0":[64,432],"1":[397,35],"2":[16,19]},"meta":{"lastBranch":3,"lastFunction":1,"lastStatement":14,"seen":{"s:3:45:84:Infinity":0,"s:86:41:112:Infinity":1,"s:114:31:114:Infinity":2,"s:115:31:115:Infinity":3,"s:118:38:130:Infinity":4,"f:118:38:118:39":0,"s:119:45:119:Infinity":5,"s:120:2:128:Infinity":6,"s:120:15:120:18":7,"s:121:17:121:Infinity":8,"s:122:16:122:Infinity":9,"b:123:4:127:Infinity:125:11:127:Infinity":0,"s:123:4:127:Infinity":10,"s:124:6:124:Infinity":11,"s:126:6:126:Infinity":12,"b:126:44:126:50:126:50:126:Infinity":1,"b:126:72:126:80:126:80:126:Infinity":2,"s:129:2:129:Infinity":13}}}
,"E:\\Github_Repos\\Freelance_upcode\\timesheet-pro-vn\\components\\HRManagement.tsx": {"path":"E:\\Github_Repos\\Freelance_upcode\\timesheet-pro-vn\\components\\HRManagement.tsx","statementMap":{"0":{"start":{"line":18,"column":57},"end":{"line":740,"column":null}},"1":{"start":{"line":28,"column":34},"end":{"line":28,"column":null}},"2":{"start":{"line":29,"column":32},"end":{"line":29,"column":null}},"3":{"start":{"line":30,"column":30},"end":{"line":30,"column":null}},"4":{"start":{"line":31,"column":44},"end":{"line":31,"column":null}},"5":{"start":{"line":32,"column":32},"end":{"line":32,"column":null}},"6":{"start":{"line":33,"column":30},"end":{"line":33,"column":null}},"7":{"start":{"line":34,"column":30},"end":{"line":34,"column":null}},"8":{"start":{"line":35,"column":44},"end":{"line":41,"column":null}},"9":{"start":{"line":42,"column":36},"end":{"line":42,"column":null}},"10":{"start":{"line":43,"column":8},"end":{"line":43,"column":null}},"11":{"start":{"line":46,"column":8},"end":{"line":58,"column":null}},"12":{"start":{"line":47,"column":19},"end":{"line":50,"column":null}},"13":{"start":{"line":48,"column":6},"end":{"line":49,"column":null}},"14":{"start":{"line":53,"column":4},"end":{"line":55,"column":null}},"15":{"start":{"line":54,"column":6},"end":{"line":54,"column":null}},"16":{"start":{"line":54,"column":40},"end":{"line":54,"column":65}},"17":{"start":{"line":57,"column":4},"end":{"line":57,"column":null}},"18":{"start":{"line":61,"column":33},"end":{"line":125,"column":null}},"19":{"start":{"line":63,"column":25},"end":{"line":63,"column":null}},"20":{"start":{"line":63,"column":44},"end":{"line":63,"column":63}},"21":{"start":{"line":64,"column":4},"end":{"line":73,"column":null}},"22":{"start":{"line":65,"column":6},"end":{"line":72,"column":null}},"23":{"start":{"line":75,"column":23},"end":{"line":75,"column":null}},"24":{"start":{"line":76,"column":24},"end":{"line":76,"column":null}},"25":{"start":{"line":78,"column":20},"end":{"line":78,"column":null}},"26":{"start":{"line":79,"column":19},"end":{"line":79,"column":null}},"27":{"start":{"line":80,"column":20},"end":{"line":80,"column":null}},"28":{"start":{"line":81,"column":22},"end":{"line":81,"column":null}},"29":{"start":{"line":82,"column":20},"end":{"line":82,"column":null}},"30":{"start":{"line":83,"column":20},"end":{"line":83,"column":null}},"31":{"start":{"line":85,"column":4},"end":{"line":115,"column":null}},"32":{"start":{"line":85,"column":19},"end":{"line":85,"column":22}},"33":{"start":{"line":86,"column":19},"end":{"line":86,"column":null}},"34":{"start":{"line":87,"column":24},"end":{"line":87,"column":null}},"35":{"start":{"line":88,"column":20},"end":{"line":88,"column":null}},"36":{"start":{"line":90,"column":6},"end":{"line":114,"column":null}},"37":{"start":{"line":91,"column":8},"end":{"line":91,"column":null}},"38":{"start":{"line":92,"column":6},"end":{"line":114,"column":null}},"39":{"start":{"line":93,"column":8},"end":{"line":93,"column":null}},"40":{"start":{"line":94,"column":6},"end":{"line":114,"column":null}},"41":{"start":{"line":95,"column":8},"end":{"line":95,"column":null}},"42":{"start":{"line":96,"column":8},"end":{"line":96,"column":null}},"43":{"start":{"line":97,"column":6},"end":{"line":114,"column":null}},"44":{"start":{"line":98,"column":8},"end":{"line":98,"column":null}},"45":{"start":{"line":99,"column":8},"end":{"line":99,"column":null}},"46":{"start":{"line":100,"column":6},"end":{"line":114,"column":null}},"47":{"start":{"line":101,"column":8},"end":{"line":105,"column":null}},"48":{"start":{"line":102,"column":10},"end":{"line":102,"column":null}},"49":{"start":{"line":104,"column":10},"end":{"line":104,"column":null}},"50":{"start":{"line":108,"column":20},"end":{"line":108,"column":null}},"51":{"start":{"line":109,"column":8},"end":{"line":113,"column":null}},"52":{"start":{"line":110,"column":10},"end":{"line":110,"column":null}},"53":{"start":{"line":111,"column":10},"end":{"line":112,"column":null}},"54":{"start":{"line":111,"column":25},"end":{"line":111,"column":null}},"55":{"start":{"line":111,"column":25},"end":{"line":112,"column":null}},"56":{"start":{"line":112,"column":32},"end":{"line":112,"column":null}},"57":{"start":{"line":117,"column":4},"end":{"line":124,"column":null}},"58":{"start":{"line":127,"column":20},"end":{"line":131,"column":null}},"59":{"start":{"line":128,"column":4},"end":{"line":128,"column":null}},"60":{"start":{"line":129,"column":4},"end":{"line":129,"column":null}},"61":{"start":{"line":130,"column":4},"end":{"line":130,"column":null}},"62":{"start":{"line":133,"column":21},"end":{"line":136,"column":null}},"63":{"start":{"line":134,"column":4},"end":{"line":134,"column":null}},"64":{"start":{"line":135,"column":4},"end":{"line":135,"column":null}},"65":{"start":{"line":138,"column":19},"end":{"line":148,"column":null}},"66":{"start":{"line":139,"column":4},"end":{"line":147,"column":null}},"67":{"start":{"line":141,"column":23},"end":{"line":141,"column":null}},"68":{"start":{"line":141,"column":43},"end":{"line":141,"column":61}},"69":{"start":{"line":142,"column":6},"end":{"line":144,"column":null}},"70":{"start":{"line":143,"column":9},"end":{"line":143,"column":null}},"71":{"start":{"line":145,"column":6},"end":{"line":145,"column":null}},"72":{"start":{"line":146,"column":6},"end":{"line":146,"column":null}},"73":{"start":{"line":150,"column":23},"end":{"line":160,"column":null}},"74":{"start":{"line":151,"column":4},"end":{"line":159,"column":null}},"75":{"start":{"line":152,"column":6},"end":{"line":152,"column":null}},"76":{"start":{"line":153,"column":6},"end":{"line":155,"column":null}},"77":{"start":{"line":154,"column":8},"end":{"line":154,"column":null}},"78":{"start":{"line":156,"column":6},"end":{"line":158,"column":null}},"79":{"start":{"line":157,"column":8},"end":{"line":157,"column":null}},"80":{"start":{"line":162,"column":21},"end":{"line":167,"column":null}},"81":{"start":{"line":163,"column":4},"end":{"line":163,"column":null}},"82":{"start":{"line":164,"column":4},"end":{"line":164,"column":null}},"83":{"start":{"line":165,"column":4},"end":{"line":165,"column":null}},"84":{"start":{"line":166,"column":4},"end":{"line":166,"column":null}},"85":{"start":{"line":169,"column":23},"end":{"line":180,"column":null}},"86":{"start":{"line":170,"column":4},"end":{"line":170,"column":null}},"87":{"start":{"line":171,"column":4},"end":{"line":177,"column":null}},"88":{"start":{"line":178,"column":4},"end":{"line":178,"column":null}},"89":{"start":{"line":179,"column":4},"end":{"line":179,"column":null}},"90":{"start":{"line":182,"column":20},"end":{"line":191,"column":null}},"91":{"start":{"line":183,"column":4},"end":{"line":183,"column":null}},"92":{"start":{"line":184,"column":4},"end":{"line":190,"column":null}},"93":{"start":{"line":193,"column":26},"end":{"line":218,"column":null}},"94":{"start":{"line":194,"column":4},"end":{"line":197,"column":null}},"95":{"start":{"line":195,"column":6},"end":{"line":195,"column":null}},"96":{"start":{"line":196,"column":6},"end":{"line":196,"column":null}},"97":{"start":{"line":200,"column":4},"end":{"line":203,"column":null}},"98":{"start":{"line":200,"column":28},"end":{"line":200,"column":59}},"99":{"start":{"line":201,"column":6},"end":{"line":201,"column":null}},"100":{"start":{"line":202,"column":6},"end":{"line":202,"column":null}},"101":{"start":{"line":205,"column":34},"end":{"line":214,"column":null}},"102":{"start":{"line":216,"column":4},"end":{"line":216,"column":null}},"103":{"start":{"line":217,"column":4},"end":{"line":217,"column":null}},"104":{"start":{"line":220,"column":21},"end":{"line":221,"column":null}},"105":{"start":{"line":224,"column":28},"end":{"line":226,"column":null}},"106":{"start":{"line":225,"column":4},"end":{"line":225,"column":null}},"107":{"start":{"line":228,"column":28},"end":{"line":230,"column":null}},"108":{"start":{"line":229,"column":4},"end":{"line":229,"column":null}},"109":{"start":{"line":232,"column":27},"end":{"line":259,"column":null}},"110":{"start":{"line":233,"column":17},"end":{"line":233,"column":null}},"111":{"start":{"line":234,"column":4},"end":{"line":234,"column":null}},"112":{"start":{"line":234,"column":15},"end":{"line":234,"column":null}},"113":{"start":{"line":236,"column":4},"end":{"line":236,"column":null}},"114":{"start":{"line":238,"column":4},"end":{"line":253,"column":null}},"115":{"start":{"line":239,"column":55},"end":{"line":239,"column":null}},"116":{"start":{"line":241,"column":6},"end":{"line":243,"column":null}},"117":{"start":{"line":242,"column":8},"end":{"line":242,"column":null}},"118":{"start":{"line":245,"column":6},"end":{"line":250,"column":null}},"119":{"start":{"line":246,"column":8},"end":{"line":248,"column":null}},"120":{"start":{"line":247,"column":10},"end":{"line":247,"column":null}},"121":{"start":{"line":249,"column":8},"end":{"line":249,"column":null}},"122":{"start":{"line":252,"column":6},"end":{"line":252,"column":null}},"123":{"start":{"line":256,"column":4},"end":{"line":258,"column":null}},"124":{"start":{"line":257,"column":6},"end":{"line":257,"column":null}},"125":{"start":{"line":261,"column":2},"end":{"line":738,"column":null}},"126":{"start":{"line":279,"column":33},"end":{"line":279,"column":null}},"127":{"start":{"line":348,"column":39},"end":{"line":348,"column":null}},"128":{"start":{"line":357,"column":39},"end":{"line":357,"column":null}},"129":{"start":{"line":366,"column":39},"end":{"line":366,"column":null}},"130":{"start":{"line":373,"column":39},"end":{"line":373,"column":null}},"131":{"start":{"line":387,"column":41},"end":{"line":387,"column":null}},"132":{"start":{"line":412,"column":16},"end":{"line":510,"column":null}},"133":{"start":{"line":421,"column":42},"end":{"line":421,"column":null}},"134":{"start":{"line":437,"column":42},"end":{"line":437,"column":null}},"135":{"start":{"line":446,"column":45},"end":{"line":446,"column":null}},"136":{"start":{"line":465,"column":46},"end":{"line":465,"column":null}},"137":{"start":{"line":483,"column":46},"end":{"line":483,"column":null}},"138":{"start":{"line":492,"column":50},"end":{"line":492,"column":null}},"139":{"start":{"line":499,"column":50},"end":{"line":499,"column":null}},"140":{"start":{"line":532,"column":22},"end":{"line":532,"column":null}},"141":{"start":{"line":533,"column":20},"end":{"line":533,"column":null}},"142":{"start":{"line":534,"column":8},"end":{"line":735,"column":null}},"143":{"start":{"line":543,"column":33},"end":{"line":543,"column":null}},"144":{"start":{"line":586,"column":39},"end":{"line":586,"column":null}},"145":{"start":{"line":590,"column":24},"end":{"line":590,"column":null}},"146":{"start":{"line":596,"column":39},"end":{"line":596,"column":null}},"147":{"start":{"line":647,"column":39},"end":{"line":647,"column":null}},"148":{"start":{"line":647,"column":58},"end":{"line":647,"column":77}},"149":{"start":{"line":648,"column":37},"end":{"line":648,"column":null}},"150":{"start":{"line":649,"column":38},"end":{"line":649,"column":null}},"151":{"start":{"line":652,"column":31},"end":{"line":652,"column":null}},"152":{"start":{"line":653,"column":18},"end":{"line":661,"column":null}},"153":{"start":{"line":653,"column":31},"end":{"line":653,"column":34}},"154":{"start":{"line":654,"column":33},"end":{"line":654,"column":null}},"155":{"start":{"line":655,"column":37},"end":{"line":655,"column":null}},"156":{"start":{"line":656,"column":20},"end":{"line":660,"column":null}},"157":{"start":{"line":663,"column":39},"end":{"line":670,"column":null}},"158":{"start":{"line":664,"column":20},"end":{"line":664,"column":null}},"159":{"start":{"line":664,"column":55},"end":{"line":664,"column":null}},"160":{"start":{"line":665,"column":20},"end":{"line":665,"column":null}},"161":{"start":{"line":665,"column":39},"end":{"line":665,"column":null}},"162":{"start":{"line":666,"column":20},"end":{"line":666,"column":null}},"163":{"start":{"line":666,"column":37},"end":{"line":666,"column":null}},"164":{"start":{"line":667,"column":20},"end":{"line":667,"column":null}},"165":{"start":{"line":667,"column":37},"end":{"line":667,"column":null}},"166":{"start":{"line":668,"column":20},"end":{"line":668,"column":null}},"167":{"start":{"line":668,"column":43},"end":{"line":668,"column":null}},"168":{"start":{"line":669,"column":20},"end":{"line":669,"column":null}},"169":{"start":{"line":672,"column":18},"end":{"line":708,"column":null}},"170":{"start":{"line":679,"column":30},"end":{"line":687,"column":null}},"171":{"start":{"line":695,"column":42},"end":{"line":695,"column":null}},"172":{"start":{"line":696,"column":30},"end":{"line":702,"column":null}},"173":{"start":{"line":718,"column":22},"end":{"line":718,"column":null}},"174":{"start":{"line":719,"column":22},"end":{"line":719,"column":null}},"175":{"start":{"line":728,"column":33},"end":{"line":728,"column":null}}},"fnMap":{"0":{"name":"(anonymous_0)","decl":{"start":{"line":18,"column":57},"end":{"line":18,"column":58}},"loc":{"start":{"line":27,"column":6},"end":{"line":740,"column":null}},"line":27},"1":{"name":"(anonymous_1)","decl":{"start":{"line":46,"column":36},"end":{"line":46,"column":42}},"loc":{"start":{"line":46,"column":42},"end":{"line":58,"column":5}},"line":46},"2":{"name":"(anonymous_2)","decl":{"start":{"line":47,"column":36},"end":{"line":47,"column":null}},"loc":{"start":{"line":48,"column":6},"end":{"line":49,"column":null}},"line":48},"3":{"name":"(anonymous_3)","decl":{"start":{"line":54,"column":33},"end":{"line":54,"column":40}},"loc":{"start":{"line":54,"column":40},"end":{"line":54,"column":65}},"line":54},"4":{"name":"(anonymous_4)","decl":{"start":{"line":61,"column":33},"end":{"line":61,"column":34}},"loc":{"start":{"line":61,"column":108},"end":{"line":125,"column":null}},"line":61},"5":{"name":"(anonymous_5)","decl":{"start":{"line":63,"column":39},"end":{"line":63,"column":44}},"loc":{"start":{"line":63,"column":44},"end":{"line":63,"column":63}},"line":63},"6":{"name":"(anonymous_6)","decl":{"start":{"line":127,"column":20},"end":{"line":127,"column":21}},"loc":{"start":{"line":127,"column":39},"end":{"line":131,"column":null}},"line":127},"7":{"name":"(anonymous_7)","decl":{"start":{"line":133,"column":21},"end":{"line":133,"column":27}},"loc":{"start":{"line":133,"column":27},"end":{"line":136,"column":null}},"line":133},"8":{"name":"(anonymous_8)","decl":{"start":{"line":138,"column":19},"end":{"line":138,"column":25}},"loc":{"start":{"line":138,"column":25},"end":{"line":148,"column":null}},"line":138},"9":{"name":"(anonymous_9)","decl":{"start":{"line":141,"column":38},"end":{"line":141,"column":43}},"loc":{"start":{"line":141,"column":43},"end":{"line":141,"column":61}},"line":141},"10":{"name":"(anonymous_10)","decl":{"start":{"line":150,"column":23},"end":{"line":150,"column":24}},"loc":{"start":{"line":150,"column":42},"end":{"line":160,"column":null}},"line":150},"11":{"name":"(anonymous_11)","decl":{"start":{"line":162,"column":21},"end":{"line":162,"column":22}},"loc":{"start":{"line":162,"column":40},"end":{"line":167,"column":null}},"line":162},"12":{"name":"(anonymous_12)","decl":{"start":{"line":169,"column":23},"end":{"line":169,"column":29}},"loc":{"start":{"line":169,"column":29},"end":{"line":180,"column":null}},"line":169},"13":{"name":"(anonymous_13)","decl":{"start":{"line":182,"column":20},"end":{"line":182,"column":26}},"loc":{"start":{"line":182,"column":26},"end":{"line":191,"column":null}},"line":182},"14":{"name":"(anonymous_14)","decl":{"start":{"line":193,"column":26},"end":{"line":193,"column":32}},"loc":{"start":{"line":193,"column":32},"end":{"line":218,"column":null}},"line":193},"15":{"name":"(anonymous_15)","decl":{"start":{"line":200,"column":23},"end":{"line":200,"column":28}},"loc":{"start":{"line":200,"column":28},"end":{"line":200,"column":59}},"line":200},"16":{"name":"(anonymous_16)","decl":{"start":{"line":224,"column":28},"end":{"line":224,"column":34}},"loc":{"start":{"line":224,"column":34},"end":{"line":226,"column":null}},"line":224},"17":{"name":"(anonymous_17)","decl":{"start":{"line":228,"column":28},"end":{"line":228,"column":34}},"loc":{"start":{"line":228,"column":34},"end":{"line":230,"column":null}},"line":228},"18":{"name":"(anonymous_18)","decl":{"start":{"line":232,"column":27},"end":{"line":232,"column":34}},"loc":{"start":{"line":232,"column":77},"end":{"line":259,"column":null}},"line":232},"19":{"name":"(anonymous_19)","decl":{"start":{"line":246,"column":34},"end":{"line":246,"column":41}},"loc":{"start":{"line":246,"column":41},"end":{"line":248,"column":9}},"line":246},"20":{"name":"(anonymous_20)","decl":{"start":{"line":279,"column":26},"end":{"line":279,"column":27}},"loc":{"start":{"line":279,"column":33},"end":{"line":279,"column":null}},"line":279},"21":{"name":"(anonymous_21)","decl":{"start":{"line":348,"column":32},"end":{"line":348,"column":33}},"loc":{"start":{"line":348,"column":39},"end":{"line":348,"column":null}},"line":348},"22":{"name":"(anonymous_22)","decl":{"start":{"line":357,"column":32},"end":{"line":357,"column":33}},"loc":{"start":{"line":357,"column":39},"end":{"line":357,"column":null}},"line":357},"23":{"name":"(anonymous_23)","decl":{"start":{"line":366,"column":32},"end":{"line":366,"column":33}},"loc":{"start":{"line":366,"column":39},"end":{"line":366,"column":null}},"line":366},"24":{"name":"(anonymous_24)","decl":{"start":{"line":373,"column":32},"end":{"line":373,"column":33}},"loc":{"start":{"line":373,"column":39},"end":{"line":373,"column":null}},"line":373},"25":{"name":"(anonymous_25)","decl":{"start":{"line":387,"column":34},"end":{"line":387,"column":35}},"loc":{"start":{"line":387,"column":41},"end":{"line":387,"column":null}},"line":387},"26":{"name":"(anonymous_26)","decl":{"start":{"line":411,"column":37},"end":{"line":411,"column":38}},"loc":{"start":{"line":412,"column":16},"end":{"line":510,"column":null}},"line":412},"27":{"name":"(anonymous_27)","decl":{"start":{"line":421,"column":37},"end":{"line":421,"column":42}},"loc":{"start":{"line":421,"column":42},"end":{"line":421,"column":null}},"line":421},"28":{"name":"(anonymous_28)","decl":{"start":{"line":437,"column":37},"end":{"line":437,"column":42}},"loc":{"start":{"line":437,"column":42},"end":{"line":437,"column":null}},"line":437},"29":{"name":"(anonymous_29)","decl":{"start":{"line":446,"column":40},"end":{"line":446,"column":45}},"loc":{"start":{"line":446,"column":45},"end":{"line":446,"column":null}},"line":446},"30":{"name":"(anonymous_30)","decl":{"start":{"line":465,"column":41},"end":{"line":465,"column":46}},"loc":{"start":{"line":465,"column":46},"end":{"line":465,"column":null}},"line":465},"31":{"name":"(anonymous_31)","decl":{"start":{"line":483,"column":40},"end":{"line":483,"column":46}},"loc":{"start":{"line":483,"column":46},"end":{"line":483,"column":null}},"line":483},"32":{"name":"(anonymous_32)","decl":{"start":{"line":492,"column":44},"end":{"line":492,"column":50}},"loc":{"start":{"line":492,"column":50},"end":{"line":492,"column":null}},"line":492},"33":{"name":"(anonymous_33)","decl":{"start":{"line":499,"column":44},"end":{"line":499,"column":50}},"loc":{"start":{"line":499,"column":50},"end":{"line":499,"column":null}},"line":499},"34":{"name":"(anonymous_34)","decl":{"start":{"line":531,"column":27},"end":{"line":531,"column":33}},"loc":{"start":{"line":531,"column":33},"end":{"line":737,"column":9}},"line":531},"35":{"name":"(anonymous_35)","decl":{"start":{"line":543,"column":27},"end":{"line":543,"column":33}},"loc":{"start":{"line":543,"column":33},"end":{"line":543,"column":null}},"line":543},"36":{"name":"(anonymous_36)","decl":{"start":{"line":586,"column":32},"end":{"line":586,"column":33}},"loc":{"start":{"line":586,"column":39},"end":{"line":586,"column":null}},"line":586},"37":{"name":"(anonymous_37)","decl":{"start":{"line":589,"column":52},"end":{"line":589,"column":53}},"loc":{"start":{"line":590,"column":24},"end":{"line":590,"column":null}},"line":590},"38":{"name":"(anonymous_38)","decl":{"start":{"line":596,"column":32},"end":{"line":596,"column":33}},"loc":{"start":{"line":596,"column":39},"end":{"line":596,"column":null}},"line":596},"39":{"name":"(anonymous_39)","decl":{"start":{"line":646,"column":18},"end":{"line":646,"column":24}},"loc":{"start":{"line":646,"column":24},"end":{"line":710,"column":19}},"line":646},"40":{"name":"(anonymous_40)","decl":{"start":{"line":647,"column":53},"end":{"line":647,"column":58}},"loc":{"start":{"line":647,"column":58},"end":{"line":647,"column":77}},"line":647},"41":{"name":"(anonymous_41)","decl":{"start":{"line":663,"column":39},"end":{"line":663,"column":40}},"loc":{"start":{"line":663,"column":76},"end":{"line":670,"column":null}},"line":663},"42":{"name":"(anonymous_42)","decl":{"start":{"line":678,"column":38},"end":{"line":678,"column":39}},"loc":{"start":{"line":679,"column":30},"end":{"line":687,"column":null}},"line":679},"43":{"name":"(anonymous_43)","decl":{"start":{"line":694,"column":38},"end":{"line":694,"column":39}},"loc":{"start":{"line":694,"column":47},"end":{"line":704,"column":29}},"line":694},"44":{"name":"(anonymous_44)","decl":{"start":{"line":717,"column":29},"end":{"line":717,"column":35}},"loc":{"start":{"line":717,"column":35},"end":{"line":720,"column":null}},"line":717},"45":{"name":"(anonymous_45)","decl":{"start":{"line":728,"column":27},"end":{"line":728,"column":33}},"loc":{"start":{"line":728,"column":33},"end":{"line":728,"column":null}},"line":728}},"branchMap":{"0":{"loc":{"start":{"line":48,"column":6},"end":{"line":49,"column":null}},"type":"binary-expr","locations":[{"start":{"line":48,"column":6},"end":{"line":48,"column":null}},{"start":{"line":49,"column":6},"end":{"line":49,"column":null}}],"line":48},"1":{"loc":{"start":{"line":53,"column":4},"end":{"line":55,"column":null}},"type":"if","locations":[{"start":{"line":53,"column":4},"end":{"line":55,"column":null}},{"start":{},"end":{}}],"line":53},"2":{"loc":{"start":{"line":61,"column":49},"end":{"line":61,"column":78}},"type":"default-arg","locations":[{"start":{"line":61,"column":71},"end":{"line":61,"column":78}}],"line":61},"3":{"loc":{"start":{"line":61,"column":78},"end":{"line":61,"column":108}},"type":"default-arg","locations":[{"start":{"line":61,"column":99},"end":{"line":61,"column":108}}],"line":61},"4":{"loc":{"start":{"line":64,"column":4},"end":{"line":73,"column":null}},"type":"if","locations":[{"start":{"line":64,"column":4},"end":{"line":73,"column":null}},{"start":{},"end":{}}],"line":64},"5":{"loc":{"start":{"line":64,"column":8},"end":{"line":64,"column":51}},"type":"binary-expr","locations":[{"start":{"line":64,"column":8},"end":{"line":64,"column":25}},{"start":{"line":64,"column":25},"end":{"line":64,"column":51}}],"line":64},"6":{"loc":{"start":{"line":87,"column":24},"end":{"line":87,"column":null}},"type":"binary-expr","locations":[{"start":{"line":87,"column":24},"end":{"line":87,"column":47}},{"start":{"line":87,"column":47},"end":{"line":87,"column":null}}],"line":87},"7":{"loc":{"start":{"line":88,"column":20},"end":{"line":88,"column":null}},"type":"binary-expr","locations":[{"start":{"line":88,"column":20},"end":{"line":88,"column":39}},{"start":{"line":88,"column":39},"end":{"line":88,"column":null}}],"line":88},"8":{"loc":{"start":{"line":90,"column":6},"end":{"line":114,"column":null}},"type":"if","locations":[{"start":{"line":90,"column":6},"end":{"line":114,"column":null}},{"start":{"line":92,"column":6},"end":{"line":114,"column":null}}],"line":90},"9":{"loc":{"start":{"line":90,"column":10},"end":{"line":90,"column":45}},"type":"binary-expr","locations":[{"start":{"line":90,"column":10},"end":{"line":90,"column":28}},{"start":{"line":90,"column":28},"end":{"line":90,"column":45}}],"line":90},"10":{"loc":{"start":{"line":92,"column":6},"end":{"line":114,"column":null}},"type":"if","locations":[{"start":{"line":92,"column":6},"end":{"line":114,"column":null}},{"start":{"line":94,"column":6},"end":{"line":114,"column":null}}],"line":92},"11":{"loc":{"start":{"line":94,"column":6},"end":{"line":114,"column":null}},"type":"if","locations":[{"start":{"line":94,"column":6},"end":{"line":114,"column":null}},{"start":{"line":97,"column":6},"end":{"line":114,"column":null}}],"line":94},"12":{"loc":{"start":{"line":97,"column":6},"end":{"line":114,"column":null}},"type":"if","locations":[{"start":{"line":97,"column":6},"end":{"line":114,"column":null}},{"start":{"line":100,"column":6},"end":{"line":114,"column":null}}],"line":97},"13":{"loc":{"start":{"line":100,"column":6},"end":{"line":114,"column":null}},"type":"if","locations":[{"start":{"line":100,"column":6},"end":{"line":114,"column":null}},{"start":{"line":106,"column":13},"end":{"line":114,"column":null}}],"line":100},"14":{"loc":{"start":{"line":101,"column":8},"end":{"line":105,"column":null}},"type":"if","locations":[{"start":{"line":101,"column":8},"end":{"line":105,"column":null}},{"start":{"line":103,"column":15},"end":{"line":105,"column":null}}],"line":101},"15":{"loc":{"start":{"line":109,"column":8},"end":{"line":113,"column":null}},"type":"if","locations":[{"start":{"line":109,"column":8},"end":{"line":113,"column":null}},{"start":{},"end":{}}],"line":109},"16":{"loc":{"start":{"line":111,"column":10},"end":{"line":112,"column":null}},"type":"if","locations":[{"start":{"line":111,"column":10},"end":{"line":112,"column":null}},{"start":{"line":111,"column":25},"end":{"line":112,"column":null}}],"line":111},"17":{"loc":{"start":{"line":111,"column":25},"end":{"line":112,"column":null}},"type":"if","locations":[{"start":{"line":111,"column":25},"end":{"line":112,"column":null}},{"start":{},"end":{}}],"line":111},"18":{"loc":{"start":{"line":139,"column":4},"end":{"line":147,"column":null}},"type":"if","locations":[{"start":{"line":139,"column":4},"end":{"line":147,"column":null}},{"start":{},"end":{}}],"line":139},"19":{"loc":{"start":{"line":139,"column":8},"end":{"line":139,"column":31}},"type":"binary-expr","locations":[{"start":{"line":139,"column":8},"end":{"line":139,"column":21}},{"start":{"line":139,"column":21},"end":{"line":139,"column":31}}],"line":139},"20":{"loc":{"start":{"line":142,"column":6},"end":{"line":144,"column":null}},"type":"if","locations":[{"start":{"line":142,"column":6},"end":{"line":144,"column":null}},{"start":{},"end":{}}],"line":142},"21":{"loc":{"start":{"line":151,"column":4},"end":{"line":159,"column":null}},"type":"if","locations":[{"start":{"line":151,"column":4},"end":{"line":159,"column":null}},{"start":{},"end":{}}],"line":151},"22":{"loc":{"start":{"line":153,"column":6},"end":{"line":155,"column":null}},"type":"if","locations":[{"start":{"line":153,"column":6},"end":{"line":155,"column":null}},{"start":{},"end":{}}],"line":153},"23":{"loc":{"start":{"line":156,"column":6},"end":{"line":158,"column":null}},"type":"if","locations":[{"start":{"line":156,"column":6},"end":{"line":158,"column":null}},{"start":{},"end":{}}],"line":156},"24":{"loc":{"start":{"line":194,"column":4},"end":{"line":197,"column":null}},"type":"if","locations":[{"start":{"line":194,"column":4},"end":{"line":197,"column":null}},{"start":{},"end":{}}],"line":194},"25":{"loc":{"start":{"line":194,"column":8},"end":{"line":194,"column":56}},"type":"binary-expr","locations":[{"start":{"line":194,"column":8},"end":{"line":194,"column":33}},{"start":{"line":194,"column":33},"end":{"line":194,"column":56}}],"line":194},"26":{"loc":{"start":{"line":200,"column":4},"end":{"line":203,"column":null}},"type":"if","locations":[{"start":{"line":200,"column":4},"end":{"line":203,"column":null}},{"start":{},"end":{}}],"line":200},"27":{"loc":{"start":{"line":207,"column":12},"end":{"line":207,"column":null}},"type":"binary-expr","locations":[{"start":{"line":207,"column":12},"end":{"line":207,"column":36}},{"start":{"line":207,"column":36},"end":{"line":207,"column":null}}],"line":207},"28":{"loc":{"start":{"line":208,"column":12},"end":{"line":208,"column":null}},"type":"binary-expr","locations":[{"start":{"line":208,"column":12},"end":{"line":208,"column":36}},{"start":{"line":208,"column":36},"end":{"line":208,"column":null}}],"line":208},"29":{"loc":{"start":{"line":209,"column":18},"end":{"line":209,"column":null}},"type":"binary-expr","locations":[{"start":{"line":209,"column":18},"end":{"line":209,"column":48}},{"start":{"line":209,"column":48},"end":{"line":209,"column":null}}],"line":209},"30":{"loc":{"start":{"line":212,"column":16},"end":{"line":212,"column":null}},"type":"binary-expr","locations":[{"start":{"line":212,"column":16},"end":{"line":212,"column":44}},{"start":{"line":212,"column":44},"end":{"line":212,"column":null}}],"line":212},"31":{"loc":{"start":{"line":213,"column":13},"end":{"line":213,"column":null}},"type":"binary-expr","locations":[{"start":{"line":213,"column":13},"end":{"line":213,"column":37}},{"start":{"line":213,"column":37},"end":{"line":213,"column":null}}],"line":213},"32":{"loc":{"start":{"line":234,"column":4},"end":{"line":234,"column":null}},"type":"if","locations":[{"start":{"line":234,"column":4},"end":{"line":234,"column":null}},{"start":{},"end":{}}],"line":234},"33":{"loc":{"start":{"line":241,"column":6},"end":{"line":243,"column":null}},"type":"if","locations":[{"start":{"line":241,"column":6},"end":{"line":243,"column":null}},{"start":{},"end":{}}],"line":241},"34":{"loc":{"start":{"line":245,"column":6},"end":{"line":250,"column":null}},"type":"if","locations":[{"start":{"line":245,"column":6},"end":{"line":250,"column":null}},{"start":{},"end":{}}],"line":245},"35":{"loc":{"start":{"line":256,"column":4},"end":{"line":258,"column":null}},"type":"if","locations":[{"start":{"line":256,"column":4},"end":{"line":258,"column":null}},{"start":{},"end":{}}],"line":256},"36":{"loc":{"start":{"line":283,"column":13},"end":{"line":308,"column":null}},"type":"binary-expr","locations":[{"start":{"line":283,"column":13},"end":{"line":283,"column":null}},{"start":{"line":284,"column":14},"end":{"line":308,"column":null}}],"line":283},"37":{"loc":{"start":{"line":320,"column":9},"end":{"line":324,"column":null}},"type":"binary-expr","locations":[{"start":{"line":320,"column":9},"end":{"line":320,"column":null}},{"start":{"line":321,"column":10},"end":{"line":324,"column":null}}],"line":320},"38":{"loc":{"start":{"line":340,"column":15},"end":{"line":409,"column":null}},"type":"binary-expr","locations":[{"start":{"line":340,"column":15},"end":{"line":340,"column":null}},{"start":{"line":341,"column":16},"end":{"line":409,"column":null}}],"line":340},"39":{"loc":{"start":{"line":347,"column":29},"end":{"line":347,"column":null}},"type":"binary-expr","locations":[{"start":{"line":347,"column":29},"end":{"line":347,"column":53}},{"start":{"line":347,"column":53},"end":{"line":347,"column":null}}],"line":347},"40":{"loc":{"start":{"line":356,"column":29},"end":{"line":356,"column":null}},"type":"binary-expr","locations":[{"start":{"line":356,"column":29},"end":{"line":356,"column":53}},{"start":{"line":356,"column":53},"end":{"line":356,"column":null}}],"line":356},"41":{"loc":{"start":{"line":365,"column":29},"end":{"line":365,"column":null}},"type":"binary-expr","locations":[{"start":{"line":365,"column":29},"end":{"line":365,"column":59}},{"start":{"line":365,"column":59},"end":{"line":365,"column":null}}],"line":365},"42":{"loc":{"start":{"line":372,"column":29},"end":{"line":372,"column":null}},"type":"binary-expr","locations":[{"start":{"line":372,"column":29},"end":{"line":372,"column":53}},{"start":{"line":372,"column":53},"end":{"line":372,"column":null}}],"line":372},"43":{"loc":{"start":{"line":386,"column":31},"end":{"line":386,"column":null}},"type":"binary-expr","locations":[{"start":{"line":386,"column":31},"end":{"line":386,"column":59}},{"start":{"line":386,"column":59},"end":{"line":386,"column":null}}],"line":386},"44":{"loc":{"start":{"line":417,"column":22},"end":{"line":429,"column":null}},"type":"cond-expr","locations":[{"start":{"line":418,"column":25},"end":{"line":422,"column":null}},{"start":{"line":424,"column":25},"end":{"line":429,"column":null}}],"line":417},"45":{"loc":{"start":{"line":420,"column":34},"end":{"line":420,"column":null}},"type":"binary-expr","locations":[{"start":{"line":420,"column":34},"end":{"line":420,"column":51}},{"start":{"line":420,"column":51},"end":{"line":420,"column":null}}],"line":420},"46":{"loc":{"start":{"line":433,"column":23},"end":{"line":439,"column":null}},"type":"cond-expr","locations":[{"start":{"line":434,"column":25},"end":{"line":438,"column":null}},{"start":{"line":439,"column":25},"end":{"line":439,"column":null}}],"line":433},"47":{"loc":{"start":{"line":436,"column":34},"end":{"line":436,"column":null}},"type":"binary-expr","locations":[{"start":{"line":436,"column":34},"end":{"line":436,"column":57}},{"start":{"line":436,"column":57},"end":{"line":436,"column":null}}],"line":436},"48":{"loc":{"start":{"line":442,"column":23},"end":{"line":454,"column":null}},"type":"cond-expr","locations":[{"start":{"line":443,"column":26},"end":{"line":450,"column":null}},{"start":{"line":452,"column":26},"end":{"line":454,"column":null}}],"line":442},"49":{"loc":{"start":{"line":445,"column":37},"end":{"line":445,"column":null}},"type":"binary-expr","locations":[{"start":{"line":445,"column":37},"end":{"line":445,"column":54}},{"start":{"line":445,"column":54},"end":{"line":445,"column":null}}],"line":445},"50":{"loc":{"start":{"line":452,"column":108},"end":{"line":452,"column":188}},"type":"cond-expr","locations":[{"start":{"line":452,"column":131},"end":{"line":452,"column":159}},{"start":{"line":452,"column":159},"end":{"line":452,"column":188}}],"line":452},"51":{"loc":{"start":{"line":453,"column":31},"end":{"line":453,"column":null}},"type":"cond-expr","locations":[{"start":{"line":453,"column":54},"end":{"line":453,"column":67}},{"start":{"line":453,"column":67},"end":{"line":453,"column":null}}],"line":453},"52":{"loc":{"start":{"line":458,"column":23},"end":{"line":468,"column":null}},"type":"cond-expr","locations":[{"start":{"line":459,"column":25},"end":{"line":467,"column":null}},{"start":{"line":468,"column":25},"end":{"line":468,"column":null}}],"line":458},"53":{"loc":{"start":{"line":464,"column":38},"end":{"line":464,"column":null}},"type":"binary-expr","locations":[{"start":{"line":464,"column":38},"end":{"line":464,"column":59}},{"start":{"line":464,"column":59},"end":{"line":464,"column":null}}],"line":464},"54":{"loc":{"start":{"line":471,"column":22},"end":{"line":507,"column":null}},"type":"cond-expr","locations":[{"start":{"line":472,"column":25},"end":{"line":479,"column":null}},{"start":{"line":481,"column":25},"end":{"line":507,"column":null}}],"line":471},"55":{"loc":{"start":{"line":489,"column":30},"end":{"line":505,"column":null}},"type":"binary-expr","locations":[{"start":{"line":489,"column":30},"end":{"line":489,"column":null}},{"start":{"line":490,"column":31},"end":{"line":505,"column":null}}],"line":489},"56":{"loc":{"start":{"line":514,"column":11},"end":{"line":517,"column":null}},"type":"binary-expr","locations":[{"start":{"line":514,"column":11},"end":{"line":514,"column":null}},{"start":{"line":515,"column":14},"end":{"line":517,"column":null}}],"line":514},"57":{"loc":{"start":{"line":531,"column":7},"end":{"line":737,"column":null}},"type":"binary-expr","locations":[{"start":{"line":531,"column":7},"end":{"line":531,"column":27}},{"start":{"line":531,"column":7},"end":{"line":737,"column":null}}],"line":531},"58":{"loc":{"start":{"line":568,"column":109},"end":{"line":568,"column":189}},"type":"cond-expr","locations":[{"start":{"line":568,"column":132},"end":{"line":568,"column":160}},{"start":{"line":568,"column":160},"end":{"line":568,"column":189}}],"line":568},"59":{"loc":{"start":{"line":569,"column":25},"end":{"line":569,"column":null}},"type":"cond-expr","locations":[{"start":{"line":569,"column":48},"end":{"line":569,"column":61}},{"start":{"line":569,"column":61},"end":{"line":569,"column":null}}],"line":569},"60":{"loc":{"start":{"line":596,"column":51},"end":{"line":596,"column":87}},"type":"binary-expr","locations":[{"start":{"line":596,"column":51},"end":{"line":596,"column":79}},{"start":{"line":596,"column":79},"end":{"line":596,"column":87}}],"line":596},"61":{"loc":{"start":{"line":648,"column":37},"end":{"line":648,"column":null}},"type":"binary-expr","locations":[{"start":{"line":648,"column":37},"end":{"line":648,"column":65}},{"start":{"line":648,"column":65},"end":{"line":648,"column":null}}],"line":648},"62":{"loc":{"start":{"line":659,"column":33},"end":{"line":659,"column":null}},"type":"binary-expr","locations":[{"start":{"line":659,"column":33},"end":{"line":659,"column":51}},{"start":{"line":659,"column":51},"end":{"line":659,"column":null}}],"line":659},"63":{"loc":{"start":{"line":664,"column":20},"end":{"line":664,"column":null}},"type":"if","locations":[{"start":{"line":664,"column":20},"end":{"line":664,"column":null}},{"start":{},"end":{}}],"line":664},"64":{"loc":{"start":{"line":664,"column":24},"end":{"line":664,"column":55}},"type":"binary-expr","locations":[{"start":{"line":664,"column":24},"end":{"line":664,"column":40}},{"start":{"line":664,"column":40},"end":{"line":664,"column":55}}],"line":664},"65":{"loc":{"start":{"line":665,"column":20},"end":{"line":665,"column":null}},"type":"if","locations":[{"start":{"line":665,"column":20},"end":{"line":665,"column":null}},{"start":{},"end":{}}],"line":665},"66":{"loc":{"start":{"line":666,"column":20},"end":{"line":666,"column":null}},"type":"if","locations":[{"start":{"line":666,"column":20},"end":{"line":666,"column":null}},{"start":{},"end":{}}],"line":666},"67":{"loc":{"start":{"line":666,"column":44},"end":{"line":666,"column":null}},"type":"cond-expr","locations":[{"start":{"line":666,"column":56},"end":{"line":666,"column":74}},{"start":{"line":666,"column":74},"end":{"line":666,"column":null}}],"line":666},"68":{"loc":{"start":{"line":667,"column":20},"end":{"line":667,"column":null}},"type":"if","locations":[{"start":{"line":667,"column":20},"end":{"line":667,"column":null}},{"start":{},"end":{}}],"line":667},"69":{"loc":{"start":{"line":668,"column":20},"end":{"line":668,"column":null}},"type":"if","locations":[{"start":{"line":668,"column":20},"end":{"line":668,"column":null}},{"start":{},"end":{}}],"line":668},"70":{"loc":{"start":{"line":668,"column":24},"end":{"line":668,"column":43}},"type":"binary-expr","locations":[{"start":{"line":668,"column":24},"end":{"line":668,"column":32}},{"start":{"line":668,"column":32},"end":{"line":668,"column":43}}],"line":668},"71":{"loc":{"start":{"line":682,"column":34},"end":{"line":682,"column":null}},"type":"cond-expr","locations":[{"start":{"line":682,"column":50},"end":{"line":682,"column":68}},{"start":{"line":682,"column":68},"end":{"line":682,"column":null}}],"line":682},"72":{"loc":{"start":{"line":695,"column":42},"end":{"line":695,"column":null}},"type":"binary-expr","locations":[{"start":{"line":695,"column":42},"end":{"line":695,"column":66}},{"start":{"line":695,"column":66},"end":{"line":695,"column":null}}],"line":695},"73":{"loc":{"start":{"line":701,"column":35},"end":{"line":701,"column":null}},"type":"binary-expr","locations":[{"start":{"line":701,"column":35},"end":{"line":701,"column":42}},{"start":{"line":701,"column":42},"end":{"line":701,"column":null}}],"line":701},"74":{"loc":{"start":{"line":715,"column":17},"end":{"line":725,"column":null}},"type":"binary-expr","locations":[{"start":{"line":715,"column":17},"end":{"line":715,"column":null}},{"start":{"line":716,"column":18},"end":{"line":725,"column":null}}],"line":715}},"s":{"0":1,"1":0,"2":0,"3":0,"4":0,"5":0,"6":0,"7":0,"8":0,"9":0,"10":0,"11":0,"12":0,"13":0,"14":0,"15":0,"16":0,"17":0,"18":0,"19":0,"20":0,"21":0,"22":0,"23":0,"24":0,"25":0,"26":0,"27":0,"28":0,"29":0,"30":0,"31":0,"32":0,"33":0,"34":0,"35":0,"36":0,"37":0,"38":0,"39":0,"40":0,"41":0,"42":0,"43":0,"44":0,"45":0,"46":0,"47":0,"48":0,"49":0,"50":0,"51":0,"52":0,"53":0,"54":0,"55":0,"56":0,"57":0,"58":0,"59":0,"60":0,"61":0,"62":0,"63":0,"64":0,"65":0,"66":0,"67":0,"68":0,"69":0,"70":0,"71":0,"72":0,"73":0,"74":0,"75":0,"76":0,"77":0,"78":0,"79":0,"80":0,"81":0,"82":0,"83":0,"84":0,"85":0,"86":0,"87":0,"88":0,"89":0,"90":0,"91":0,"92":0,"93":0,"94":0,"95":0,"96":0,"97":0,"98":0,"99":0,"100":0,"101":0,"102":0,"103":0,"104":0,"105":0,"106":0,"107":0,"108":0,"109":0,"110":0,"111":0,"112":0,"113":0,"114":0,"115":0,"116":0,"117":0,"118":0,"119":0,"120":0,"121":0,"122":0,"123":0,"124":0,"125":0,"126":0,"127":0,"128":0,"129":0,"130":0,"131":0,"132":0,"133":0,"134":0,"135":0,"136":0,"137":0,"138":0,"139":0,"140":0,"141":0,"142":0,"143":0,"144":0,"145":0,"146":0,"147":0,"148":0,"149":0,"150":0,"151":0,"152":0,"153":0,"154":0,"155":0,"156":0,"157":0,"158":0,"159":0,"160":0,"161":0,"162":0,"163":0,"164":0,"165":0,"166":0,"167":0,"168":0,"169":0,"170":0,"171":0,"172":0,"173":0,"174":0,"175":0},"f":{"0":0,"1":0,"2":0,"3":0,"4":0,"5":0,"6":0,"7":0,"8":0,"9":0,"10":0,"11":0,"12":0,"13":0,"14":0,"15":0,"16":0,"17":0,"18":0,"19":0,"20":0,"21":0,"22":0,"23":0,"24":0,"25":0,"26":0,"27":0,"28":0,"29":0,"30":0,"31":0,"32":0,"33":0,"34":0,"35":0,"36":0,"37":0,"38":0,"39":0,"40":0,"41":0,"42":0,"43":0,"44":0,"45":0},"b":{"0":[0,0],"1":[0,0],"2":[0],"3":[0],"4":[0,0],"5":[0,0],"6":[0,0],"7":[0,0],"8":[0,0],"9":[0,0],"10":[0,0],"11":[0,0],"12":[0,0],"13":[0,0],"14":[0,0],"15":[0,0],"16":[0,0],"17":[0,0],"18":[0,0],"19":[0,0],"20":[0,0],"21":[0,0],"22":[0,0],"23":[0,0],"24":[0,0],"25":[0,0],"26":[0,0],"27":[0,0],"28":[0,0],"29":[0,0],"30":[0,0],"31":[0,0],"32":[0,0],"33":[0,0],"34":[0,0],"35":[0,0],"36":[0,0],"37":[0,0],"38":[0,0],"39":[0,0],"40":[0,0],"41":[0,0],"42":[0,0],"43":[0,0],"44":[0,0],"45":[0,0],"46":[0,0],"47":[0,0],"48":[0,0],"49":[0,0],"50":[0,0],"51":[0,0],"52":[0,0],"53":[0,0],"54":[0,0],"55":[0,0],"56":[0,0],"57":[0,0],"58":[0,0],"59":[0,0],"60":[0,0],"61":[0,0],"62":[0,0],"63":[0,0],"64":[0,0],"65":[0,0],"66":[0,0],"67":[0,0],"68":[0,0],"69":[0,0],"70":[0,0],"71":[0,0],"72":[0,0],"73":[0,0],"74":[0,0]},"meta":{"lastBranch":75,"lastFunction":46,"lastStatement":176,"seen":{"s:18:57:740:Infinity":0,"f:18:57:18:58":0,"s:28:34:28:Infinity":1,"s:29:32:29:Infinity":2,"s:30:30:30:Infinity":3,"s:31:44:31:Infinity":4,"s:32:32:32:Infinity":5,"s:33:30:33:Infinity":6,"s:34:30:34:Infinity":7,"s:35:44:41:Infinity":8,"s:42:36:42:Infinity":9,"s:43:8:43:Infinity":10,"s:46:8:58:Infinity":11,"f:46:36:46:42":1,"s:47:19:50:Infinity":12,"f:47:36:47:Infinity":2,"s:48:6:49:Infinity":13,"b:48:6:48:Infinity:49:6:49:Infinity":0,"b:53:4:55:Infinity:undefined:undefined:undefined:undefined":1,"s:53:4:55:Infinity":14,"s:54:6:54:Infinity":15,"f:54:33:54:40":3,"s:54:40:54:65":16,"s:57:4:57:Infinity":17,"s:61:33:125:Infinity":18,"f:61:33:61:34":4,"b:61:71:61:78":2,"b:61:99:61:108":3,"s:63:25:63:Infinity":19,"f:63:39:63:44":5,"s:63:44:63:63":20,"b:64:4:73:Infinity:undefined:undefined:undefined:undefined":4,"s:64:4:73:Infinity":21,"b:64:8:64:25:64:25:64:51":5,"s:65:6:72:Infinity":22,"s:75:23:75:Infinity":23,"s:76:24:76:Infinity":24,"s:78:20:78:Infinity":25,"s:79:19:79:Infinity":26,"s:80:20:80:Infinity":27,"s:81:22:81:Infinity":28,"s:82:20:82:Infinity":29,"s:83:20:83:Infinity":30,"s:85:4:115:Infinity":31,"s:85:19:85:22":32,"s:86:19:86:Infinity":33,"s:87:24:87:Infinity":34,"b:87:24:87:47:87:47:87:Infinity":6,"s:88:20:88:Infinity":35,"b:88:20:88:39:88:39:88:Infinity":7,"b:90:6:114:Infinity:92:6:114:Infinity":8,"s:90:6:114:Infinity":36,"b:90:10:90:28:90:28:90:45":9,"s:91:8:91:Infinity":37,"b:92:6:114:Infinity:94:6:114:Infinity":10,"s:92:6:114:Infinity":38,"s:93:8:93:Infinity":39,"b:94:6:114:Infinity:97:6:114:Infinity":11,"s:94:6:114:Infinity":40,"s:95:8:95:Infinity":41,"s:96:8:96:Infinity":42,"b:97:6:114:Infinity:100:6:114:Infinity":12,"s:97:6:114:Infinity":43,"s:98:8:98:Infinity":44,"s:99:8:99:Infinity":45,"b:100:6:114:Infinity:106:13:114:Infinity":13,"s:100:6:114:Infinity":46,"b:101:8:105:Infinity:103:15:105:Infinity":14,"s:101:8:105:Infinity":47,"s:102:10:102:Infinity":48,"s:104:10:104:Infinity":49,"s:108:20:108:Infinity":50,"b:109:8:113:Infinity:undefined:undefined:undefined:undefined":15,"s:109:8:113:Infinity":51,"s:110:10:110:Infinity":52,"b:111:10:112:Infinity:111:25:112:Infinity":16,"s:111:10:112:Infinity":53,"s:111:25:111:Infinity":54,"b:111:25:112:Infinity:undefined:undefined:undefined:undefined":17,"s:111:25:112:Infinity":55,"s:112:32:112:Infinity":56,"s:117:4:124:Infinity":57,"s:127:20:131:Infinity":58,"f:127:20:127:21":6,"s:128:4:128:Infinity":59,"s:129:4:129:Infinity":60,"s:130:4:130:Infinity":61,"s:133:21:136:Infinity":62,"f:133:21:133:27":7,"s:134:4:134:Infinity":63,"s:135:4:135:Infinity":64,"s:138:19:148:Infinity":65,"f:138:19:138:25":8,"b:139:4:147:Infinity:undefined:undefined:undefined:undefined":18,"s:139:4:147:Infinity":66,"b:139:8:139:21:139:21:139:31":19,"s:141:23:141:Infinity":67,"f:141:38:141:43":9,"s:141:43:141:61":68,"b:142:6:144:Infinity:undefined:undefined:undefined:undefined":20,"s:142:6:144:Infinity":69,"s:143:9:143:Infinity":70,"s:145:6:145:Infinity":71,"s:146:6:146:Infinity":72,"s:150:23:160:Infinity":73,"f:150:23:150:24":10,"b:151:4:159:Infinity:undefined:undefined:undefined:undefined":21,"s:151:4:159:Infinity":74,"s:152:6:152:Infinity":75,"b:153:6:155:Infinity:undefined:undefined:undefined:undefined":22,"s:153:6:155:Infinity":76,"s:154:8:154:Infinity":77,"b:156:6:158:Infinity:undefined:undefined:undefined:undefined":23,"s:156:6:158:Infinity":78,"s:157:8:157:Infinity":79,"s:162:21:167:Infinity":80,"f:162:21:162:22":11,"s:163:4:163:Infinity":81,"s:164:4:164:Infinity":82,"s:165:4:165:Infinity":83,"s:166:4:166:Infinity":84,"s:169:23:180:Infinity":85,"f:169:23:169:29":12,"s:170:4:170:Infinity":86,"s:171:4:177:Infinity":87,"s:178:4:178:Infinity":88,"s:179:4:179:Infinity":89,"s:182:20:191:Infinity":90,"f:182:20:182:26":13,"s:183:4:183:Infinity":91,"s:184:4:190:Infinity":92,"s:193:26:218:Infinity":93,"f:193:26:193:32":14,"b:194:4:197:Infinity:undefined:undefined:undefined:undefined":24,"s:194:4:197:Infinity":94,"b:194:8:194:33:194:33:194:56":25,"s:195:6:195:Infinity":95,"s:196:6:196:Infinity":96,"b:200:4:203:Infinity:undefined:undefined:undefined:undefined":26,"s:200:4:203:Infinity":97,"f:200:23:200:28":15,"s:200:28:200:59":98,"s:201:6:201:Infinity":99,"s:202:6:202:Infinity":100,"s:205:34:214:Infinity":101,"b:207:12:207:36:207:36:207:Infinity":27,"b:208:12:208:36:208:36:208:Infinity":28,"b:209:18:209:48:209:48:209:Infinity":29,"b:212:16:212:44:212:44:212:Infinity":30,"b:213:13:213:37:213:37:213:Infinity":31,"s:216:4:216:Infinity":102,"s:217:4:217:Infinity":103,"s:220:21:221:Infinity":104,"s:224:28:226:Infinity":105,"f:224:28:224:34":16,"s:225:4:225:Infinity":106,"s:228:28:230:Infinity":107,"f:228:28:228:34":17,"s:229:4:229:Infinity":108,"s:232:27:259:Infinity":109,"f:232:27:232:34":18,"s:233:17:233:Infinity":110,"b:234:4:234:Infinity:undefined:undefined:undefined:undefined":32,"s:234:4:234:Infinity":111,"s:234:15:234:Infinity":112,"s:236:4:236:Infinity":113,"s:238:4:253:Infinity":114,"s:239:55:239:Infinity":115,"b:241:6:243:Infinity:undefined:undefined:undefined:undefined":33,"s:241:6:243:Infinity":116,"s:242:8:242:Infinity":117,"b:245:6:250:Infinity:undefined:undefined:undefined:undefined":34,"s:245:6:250:Infinity":118,"s:246:8:248:Infinity":119,"f:246:34:246:41":19,"s:247:10:247:Infinity":120,"s:249:8:249:Infinity":121,"s:252:6:252:Infinity":122,"b:256:4:258:Infinity:undefined:undefined:undefined:undefined":35,"s:256:4:258:Infinity":123,"s:257:6:257:Infinity":124,"s:261:2:738:Infinity":125,"f:279:26:279:27":20,"s:279:33:279:Infinity":126,"b:283:13:283:Infinity:284:14:308:Infinity":36,"b:320:9:320:Infinity:321:10:324:Infinity":37,"b:340:15:340:Infinity:341:16:409:Infinity":38,"b:347:29:347:53:347:53:347:Infinity":39,"f:348:32:348:33":21,"s:348:39:348:Infinity":127,"b:356:29:356:53:356:53:356:Infinity":40,"f:357:32:357:33":22,"s:357:39:357:Infinity":128,"b:365:29:365:59:365:59:365:Infinity":41,"f:366:32:366:33":23,"s:366:39:366:Infinity":129,"b:372:29:372:53:372:53:372:Infinity":42,"f:373:32:373:33":24,"s:373:39:373:Infinity":130,"b:386:31:386:59:386:59:386:Infinity":43,"f:387:34:387:35":25,"s:387:41:387:Infinity":131,"f:411:37:411:38":26,"s:412:16:510:Infinity":132,"b:418:25:422:Infinity:424:25:429:Infinity":44,"b:420:34:420:51:420:51:420:Infinity":45,"f:421:37:421:42":27,"s:421:42:421:Infinity":133,"b:434:25:438:Infinity:439:25:439:Infinity":46,"b:436:34:436:57:436:57:436:Infinity":47,"f:437:37:437:42":28,"s:437:42:437:Infinity":134,"b:443:26:450:Inf
[...]
-expr","locations":[{"start":{"line":581,"column":14},"end":{"line":581,"column":23}},{"start":{"line":581,"column":23},"end":{"line":581,"column":30}}],"line":581},"73":{"loc":{"start":{"line":584,"column":56},"end":{"line":584,"column":90}},"type":"binary-expr","locations":[{"start":{"line":584,"column":56},"end":{"line":584,"column":75}},{"start":{"line":584,"column":75},"end":{"line":584,"column":90}}],"line":584},"74":{"loc":{"start":{"line":588,"column":10},"end":{"line":598,"column":null}},"type":"if","locations":[{"start":{"line":588,"column":10},"end":{"line":598,"column":null}},{"start":{},"end":{}}],"line":588},"75":{"loc":{"start":{"line":591,"column":14},"end":{"line":596,"column":null}},"type":"if","locations":[{"start":{"line":591,"column":14},"end":{"line":596,"column":null}},{"start":{},"end":{}}],"line":591},"76":{"loc":{"start":{"line":592,"column":35},"end":{"line":592,"column":54}},"type":"binary-expr","locations":[{"start":{"line":592,"column":35},"end":{"line":592,"column":52}},{"start":{"line":592,"column":52},"end":{"line":592,"column":54}}],"line":592},"77":{"loc":{"start":{"line":593,"column":16},"end":{"line":595,"column":null}},"type":"if","locations":[{"start":{"line":593,"column":16},"end":{"line":595,"column":null}},{"start":{},"end":{}}],"line":593},"78":{"loc":{"start":{"line":601,"column":16},"end":{"line":601,"column":null}},"type":"binary-expr","locations":[{"start":{"line":601,"column":16},"end":{"line":601,"column":35}},{"start":{"line":601,"column":35},"end":{"line":601,"column":null}}],"line":601},"79":{"loc":{"start":{"line":602,"column":18},"end":{"line":602,"column":null}},"type":"binary-expr","locations":[{"start":{"line":602,"column":18},"end":{"line":602,"column":26}},{"start":{"line":602,"column":26},"end":{"line":602,"column":47}},{"start":{"line":602,"column":47},"end":{"line":602,"column":null}}],"line":602},"80":{"loc":{"start":{"line":603,"column":18},"end":{"line":603,"column":null}},"type":"binary-expr","locations":[{"start":{"line":603,"column":18},"end":{"line":603,"column":26}},{"start":{"line":603,"column":26},"end":{"line":603,"column":47}},{"start":{"line":603,"column":47},"end":{"line":603,"column":null}}],"line":603},"81":{"loc":{"start":{"line":604,"column":12},"end":{"line":604,"column":null}},"type":"binary-expr","locations":[{"start":{"line":604,"column":25},"end":{"line":604,"column":86}},{"start":{"line":604,"column":86},"end":{"line":604,"column":113}},{"start":{"line":604,"column":113},"end":{"line":604,"column":null}}],"line":604},"82":{"loc":{"start":{"line":605,"column":19},"end":{"line":605,"column":null}},"type":"binary-expr","locations":[{"start":{"line":605,"column":19},"end":{"line":605,"column":41}},{"start":{"line":605,"column":41},"end":{"line":605,"column":null}}],"line":605},"83":{"loc":{"start":{"line":607,"column":22},"end":{"line":607,"column":null}},"type":"binary-expr","locations":[{"start":{"line":607,"column":22},"end":{"line":607,"column":47}},{"start":{"line":607,"column":47},"end":{"line":607,"column":null}}],"line":607},"84":{"loc":{"start":{"line":608,"column":18},"end":{"line":608,"column":null}},"type":"binary-expr","locations":[{"start":{"line":608,"column":18},"end":{"line":608,"column":39}},{"start":{"line":608,"column":39},"end":{"line":608,"column":null}}],"line":608}},"s":{"0":1,"1":0,"2":0,"3":0,"4":0,"5":0,"6":0,"7":0,"8":0,"9":0,"10":1,"11":0,"12":0,"13":0,"14":0,"15":0,"16":0,"17":1,"18":0,"19":0,"20":0,"21":0,"22":0,"23":0,"24":0,"25":0,"26":0,"27":0,"28":0,"29":0,"30":0,"31":0,"32":0,"33":0,"34":0,"35":0,"36":0,"37":0,"38":0,"39":0,"40":0,"41":0,"42":0,"43":0,"44":0,"45":0,"46":0,"47":0,"48":0,"49":0,"50":0,"51":0,"52":0,"53":0,"54":1,"55":0,"56":0,"57":0,"58":0,"59":0,"60":0,"61":0,"62":0,"63":0,"64":0,"65":0,"66":0,"67":0,"68":0,"69":0,"70":0,"71":0,"72":0,"73":0,"74":0,"75":0,"76":0,"77":0,"78":0,"79":0,"80":0,"81":0,"82":0,"83":0,"84":0,"85":0,"86":0,"87":0,"88":0,"89":0,"90":0,"91":0,"92":0,"93":0,"94":1,"95":0,"96":0,"97":0,"98":0,"99":0,"100":0,"101":0,"102":0,"103":0,"104":0,"105":0,"106":0,"107":0,"108":0,"109":0,"110":1,"111":0,"112":0,"113":0,"114":0,"115":0,"116":0,"117":0,"118":0,"119":0,"120":0,"121":0,"122":0,"123":0,"124":0,"125":0,"126":0,"127":0,"128":0,"129":0,"130":0,"131":0,"132":0,"133":0,"134":0,"135":0,"136":0,"137":0,"138":0,"139":0,"140":0,"141":0,"142":0,"143":0,"144":0,"145":0,"146":0,"147":0,"148":0,"149":0,"150":0,"151":0,"152":0,"153":0,"154":0,"155":0,"156":0,"157":0,"158":0,"159":0,"160":0,"161":0,"162":0,"163":0,"164":0,"165":0,"166":0,"167":0,"168":0,"169":0,"170":0,"171":0,"172":0,"173":0,"174":0,"175":0,"176":0,"177":0,"178":0,"179":1,"180":0,"181":0,"182":0,"183":0,"184":0,"185":0,"186":0,"187":0,"188":0,"189":0,"190":0,"191":0,"192":0,"193":0,"194":0,"195":0,"196":0,"197":0,"198":0,"199":0,"200":0,"201":0,"202":0,"203":0,"204":0,"205":0,"206":0,"207":0,"208":1,"209":0,"210":0,"211":0,"212":0,"213":0,"214":0,"215":0,"216":0,"217":1,"218":0,"219":0,"220":0,"221":0,"222":0,"223":0,"224":0,"225":0,"226":0,"227":0,"228":0,"229":0,"230":0,"231":0,"232":0,"233":0,"234":0,"235":0,"236":0,"237":0,"238":1,"239":0,"240":0,"241":0,"242":0,"243":0,"244":0,"245":0,"246":0,"247":0,"248":0,"249":0,"250":0,"251":0,"252":0,"253":0,"254":0,"255":0,"256":0,"257":0,"258":0,"259":0,"260":0,"261":0,"262":0,"263":0,"264":0,"265":0,"266":0,"267":0,"268":0,"269":0,"270":0,"271":0,"272":0,"273":0,"274":0,"275":0,"276":0,"277":0,"278":0,"279":0,"280":0,"281":0,"282":0,"283":0,"284":0,"285":0,"286":0,"287":0,"288":0,"289":0,"290":0,"291":0,"292":0,"293":0,"294":0,"295":0,"296":0,"297":0,"298":0,"299":0,"300":0,"301":0,"302":0,"303":0},"f":{"0":0,"1":0,"2":0,"3":0,"4":0,"5":0,"6":0,"7":0,"8":0,"9":0,"10":0,"11":0,"12":0,"13":0,"14":0,"15":0,"16":0,"17":0,"18":0,"19":0,"20":0,"21":0,"22":0,"23":0,"24":0,"25":0,"26":0,"27":0,"28":0,"29":0,"30":0,"31":0,"32":0,"33":0,"34":0,"35":0,"36":0,"37":0,"38":0,"39":0,"40":0,"41":0},"b":{"0":[0,0],"1":[0,0],"2":[0,0],"3":[0,0],"4":[0,0],"5":[0,0],"6":[0,0],"7":[0,0],"8":[0,0],"9":[0,0],"10":[0,0],"11":[0,0],"12":[0,0],"13":[0,0],"14":[0,0],"15":[0,0],"16":[0,0],"17":[0,0],"18":[0,0],"19":[0,0],"20":[0,0],"21":[0,0],"22":[0,0],"23":[0,0],"24":[0,0],"25":[0,0],"26":[0,0],"27":[0,0],"28":[0,0],"29":[0,0],"30":[0,0],"31":[0,0],"32":[0,0],"33":[0,0],"34":[0,0],"35":[0,0],"36":[0,0],"37":[0,0],"38":[0,0],"39":[0,0],"40":[0,0],"41":[0,0],"42":[0,0],"43":[0,0],"44":[0,0],"45":[0,0],"46":[0,0],"47":[0,0],"48":[0,0],"49":[0,0],"50":[0,0],"51":[0,0],"52":[0,0],"53":[0,0],"54":[0,0],"55":[0,0],"56":[0,0],"57":[0,0],"58":[0,0],"59":[0,0],"60":[0,0],"61":[0,0,0],"62":[0,0],"63":[0,0],"64":[0,0],"65":[0,0],"66":[0,0],"67":[0,0],"68":[0,0],"69":[0,0],"70":[0,0],"71":[0,0],"72":[0,0],"73":[0,0],"74":[0,0],"75":[0,0],"76":[0,0],"77":[0,0],"78":[0,0],"79":[0,0,0],"80":[0,0,0],"81":[0,0,0],"82":[0,0],"83":[0,0],"84":[0,0]},"meta":{"lastBranch":85,"lastFunction":42,"lastStatement":304,"seen":{"s:11:25:26:Infinity":0,"f:11:25:11:26":0,"s:12:22:12:Infinity":1,"s:13:26:13:Infinity":2,"s:14:28:14:Infinity":3,"s:16:2:24:Infinity":4,"s:16:15:16:18":5,"s:17:17:17:Infinity":6,"s:18:21:18:Infinity":7,"s:19:4:23:Infinity":8,"b:22:17:22:35:22:35:22:Infinity":0,"s:25:2:25:Infinity":9,"s:31:23:40:Infinity":10,"f:31:23:31:24":1,"s:32:14:32:Infinity":11,"s:33:2:38:Infinity":12,"f:33:36:33:37":2,"s:34:16:34:Infinity":13,"b:35:4:37:Infinity:undefined:undefined:undefined:undefined":1,"s:35:4:37:Infinity":14,"s:36:6:36:Infinity":15,"s:39:2:39:Infinity":16,"s:45:29:137:Infinity":17,"f:45:29:45:Infinity":3,"s:51:15:51:Infinity":18,"s:52:20:52:Infinity":19,"s:53:26:53:Infinity":20,"s:57:19:57:Infinity":21,"s:60:29:60:Infinity":22,"s:63:21:63:Infinity":23,"s:64:2:66:Infinity":24,"f:64:15:64:22":4,"s:65:4:65:Infinity":25,"s:67:2:67:Infinity":26,"s:70:21:70:Infinity":27,"s:71:2:73:Infinity":28,"f:71:15:71:22":5,"s:72:4:72:Infinity":29,"s:74:2:74:Infinity":30,"s:77:19:92:Infinity":31,"f:77:28:77:29":6,"s:78:37:83:Infinity":32,"b:80:6:80:18:80:18:80:Infinity":2,"b:81:6:81:18:81:18:81:Infinity":3,"b:82:6:82:24:82:24:82:Infinity":4,"s:85:4:88:Infinity":33,"f:85:17:85:24":7,"s:86:18:86:Infinity":34,"b:86:18:86:46:86:46:86:Infinity":5,"s:87:6:87:Infinity":35,"s:90:4:90:Infinity":36,"s:91:4:91:Infinity":37,"s:95:26:95:Infinity":38,"f:95:38:95:39":8,"s:95:52:95:90":39,"s:96:42:96:Infinity":40,"s:97:2:97:Infinity":41,"f:97:15:97:21":9,"s:97:21:97:40":42,"s:98:2:98:Infinity":43,"s:101:17:109:Infinity":44,"s:112:13:112:Infinity":45,"s:115:20:122:Infinity":46,"f:120:16:120:23":10,"s:120:23:120:34":47,"s:123:2:123:Infinity":48,"s:126:20:126:Infinity":49,"s:127:2:129:Infinity":50,"s:132:13:132:Infinity":51,"s:133:2:133:Infinity":52,"s:136:2:136:Infinity":53,"b:136:21:136:33:136:33:136:48":6,"s:143:35:231:Infinity":54,"f:143:35:143:Infinity":11,"s:149:15:149:Infinity":55,"s:150:20:150:Infinity":56,"s:151:26:151:Infinity":57,"s:154:13:154:Infinity":58,"s:157:40:157:Infinity":59,"s:160:2:160:Infinity":60,"s:161:2:161:Infinity":61,"s:162:2:162:Infinity":62,"s:165:39:165:Infinity":63,"s:166:2:166:Infinity":64,"f:166:15:166:22":12,"s:166:22:166:44":65,"s:167:2:167:Infinity":66,"s:168:2:168:Infinity":67,"s:171:39:171:Infinity":68,"s:172:2:172:Infinity":69,"f:172:15:172:22":13,"s:172:22:172:49":70,"s:173:2:173:Infinity":71,"s:174:2:174:Infinity":72,"s:177:2:192:Infinity":73,"f:177:15:177:16":14,"s:178:37:183:Infinity":74,"b:180:6:180:18:180:18:180:Infinity":7,"b:181:6:181:18:181:18:181:Infinity":8,"b:182:6:182:24:182:24:182:Infinity":9,"s:185:4:188:Infinity":75,"f:185:17:185:24":15,"s:186:18:186:Infinity":76,"s:187:6:187:Infinity":77,"b:187:15:187:22:187:22:187:24":10,"s:190:4:190:Infinity":78,"s:191:4:191:Infinity":79,"s:195:2:195:Infinity":80,"s:198:26:198:Infinity":81,"f:198:38:198:39":16,"s:198:52:198:90":82,"s:199:42:199:Infinity":83,"s:200:2:200:Infinity":84,"f:200:15:200:21":17,"s:200:21:200:40":85,"s:201:2:201:Infinity":86,"s:202:2:202:Infinity":87,"s:205:13:205:Infinity":88,"s:208:2:215:Infinity":89,"f:213:16:213:23":18,"s:213:23:213:34":90,"s:218:2:224:Infinity":91,"s:227:2:227:Infinity":92,"s:230:2:230:Infinity":93,"b:230:21:230:33:230:33:230:48":11,"s:240:38:285:Infinity":94,"f:240:38:240:Infinity":19,"s:244:26:244:Infinity":95,"s:246:40:246:Infinity":96,"s:249:2:249:Infinity":97,"s:250:2:250:Infinity":98,"s:251:2:251:Infinity":99,"s:254:2:254:Infinity":100,"s:257:2:266:Infinity":101,"f:257:20:257:21":20,"s:258:4:265:Infinity":102,"b:260:6:260:18:260:18:260:Infinity":12,"b:261:6:261:18:261:18:261:Infinity":13,"b:262:6:262:24:262:24:262:Infinity":14,"b:263:29:263:42:263:42:263:Infinity":15,"b:264:6:264:22:264:22:264:Infinity":16,"s:269:2:269:Infinity":103,"s:270:2:270:Infinity":104,"s:272:13:272:Infinity":105,"s:273:2:280:Infinity":106,"s:282:13:282:Infinity":107,"s:283:2:283:Infinity":108,"s:284:2:284:Infinity":109,"b:284:21:284:33:284:33:284:48":17,"s:291:40:391:Infinity":110,"f:291:40:291:Infinity":21,"s:295:2:390:Infinity":111,"f:295:21:295:22":22,"s:296:19:296:Infinity":112,"s:298:4:386:Infinity":113,"f:298:20:298:21":23,"s:299:6:385:Infinity":114,"s:300:21:300:Infinity":115,"s:301:25:301:Infinity":116,"s:302:26:302:Infinity":117,"s:303:26:303:Infinity":118,"s:304:25:304:Infinity":119,"s:306:38:306:Infinity":120,"s:307:33:307:Infinity":121,"s:310:29:310:Infinity":122,"s:311:27:311:Infinity":123,"s:312:27:312:Infinity":124,"s:313:27:313:Infinity":125,"s:314:27:314:Infinity":126,"s:315:27:315:Infinity":127,"s:317:8:334:Infinity":128,"s:317:21:317:24":129,"s:318:22:318:Infinity":130,"b:319:10:319:Infinity:undefined:undefined:undefined:undefined":18,"s:319:10:319:Infinity":131,"s:319:20:319:Infinity":132,"s:321:10:328:Infinity":133,"s:321:23:321:26":134,"s:322:25:322:Infinity":135,"b:322:32:322:42:322:42:322:44":19,"b:323:12:323:Infinity:undefined:undefined:undefined:undefined":20,"s:323:12:323:Infinity":136,"s:323:37:323:Infinity":137,"b:324:12:324:Infinity:undefined:undefined:undefined:undefined":21,"s:324:12:324:Infinity":138,"b:324:16:324:40:324:40:324:61":22,"s:324:61:324:Infinity":139,"b:325:12:325:Infinity:undefined:undefined:undefined:undefined":23,"s:325:12:325:Infinity":140,"b:325:16:325:42:325:42:325:64":24,"s:325:64:325:Infinity":141,"b:326:12:326:Infinity:undefined:undefined:undefined:undefined":25,"s:326:12:326:Infinity":142,"s:326:40:326:Infinity":143,"b:327:12:327:Infinity:undefined:undefined:undefined:undefined":26,"s:327:12:327:Infinity":144,"b:327:16:327:40:327:40:327:63":27,"s:327:63:327:Infinity":145,"b:330:10:333:Infinity:undefined:undefined:undefined:undefined":28,"s:330:10:333:Infinity":146,"b:330:14:330:35:330:35:330:54":29,"s:331:12:331:Infinity":147,"s:332:12:332:Infinity":148,"b:336:8:339:Infinity:undefined:undefined:undefined:undefined":30,"s:336:8:339:Infinity":149,"s:337:10:337:Infinity":150,"s:338:10:338:Infinity":151,"s:342:8:380:Infinity":152,"s:342:21:342:41":153,"s:343:22:343:Infinity":154,"b:344:10:344:Infinity:undefined:undefined:undefined:undefined":31,"s:344:10:344:Infinity":155,"b:344:14:344:22:344:22:344:40":32,"s:344:40:344:Infinity":156,"s:346:23:346:Infinity":157,"b:346:30:346:51:346:51:346:53":33,"s:347:23:347:Infinity":158,"b:347:30:347:51:347:51:347:53":34,"b:349:10:349:Infinity:undefined:undefined:undefined:undefined":35,"s:349:10:349:Infinity":159,"b:349:14:349:23:349:23:349:30":36,"s:349:30:349:Infinity":160,"b:351:10:354:Infinity:undefined:undefined:undefined:undefined":37,"s:351:10:354:Infinity":161,"s:352:12:352:Infinity":162,"s:353:12:353:Infinity":163,"b:356:10:359:Infinity:undefined:undefined:undefined:undefined":38,"s:356:10:359:Infinity":164,"s:357:12:357:Infinity":165,"s:358:12:358:Infinity":166,"b:362:10:365:Infinity:undefined:undefined:undefined:undefined":39,"s:362:10:365:Infinity":167,"f:362:37:362:42":24,"s:362:42:362:57":168,"s:363:12:363:Infinity":169,"s:364:12:364:Infinity":170,"s:367:26:367:Infinity":171,"b:367:33:367:54:367:54:367:56":40,"s:368:42:368:Infinity":172,"b:368:98:368:108:368:108:368:Infinity":41,"b:368:42:368:70:368:70:368:98":42,"s:370:10:379:Infinity":173,"b:374:44:374:87:374:87:374:Infinity":43,"b:374:51:374:72:374:72:374:83":44,"b:377:42:377:79:377:79:377:Infinity":45,"b:377:49:377:70:377:70:377:75":46,"s:382:8:382:Infinity":174,"s:384:8:384:Infinity":175,"s:388:4:388:Infinity":176,"f:388:21:388:27":25,"s:388:27:388:Infinity":177,"s:389:4:389:Infinity":178,"s:400:36:452:Infinity":179,"f:400:36:400:Infinity":26,"s:405:26:405:Infinity":180,"s:406:13:406:Infinity":181,"s:409:45:409:Infinity":182,"s:410:2:410:Infinity":183,"s:411:2:411:Infinity":184,"s:412:2:412:Infinity":185,"s:413:2:413:Infinity":186,"s:415:2:417:Infinity":187,"f:415:18:415:19":27,"s:416:4:416:Infinity":188,"s:419:2:419:Infinity":189,"s:420:2:420:Infinity":190,"s:422:20:422:Infinity":191,"s:423:2:423:Infinity":192,"s:424:2:424:Infinity":193,"s:427:2:449:Infinity":194,"f:427:18:427:19":28,"s:428:46:428:Infinity":195,"s:429:4:429:Infinity":196,"s:430:4:430:Infinity":197,"s:431:4:431:Infinity":198,"s:433:4:441:Infinity":199,"f:433:26:433:27":29,"s:434:18:434:Infinity":200,"f:434:33:434:38":30,"s:434:38:434:62":201,"s:435:6:440:Infinity":202,"b:437:8:437:21:437:21:437:Infinity":47,"b:438:8:438:21:438:21:438:Infinity":48,"b:439:8:439:22:439:22:439:Infinity":49,"s:443:21:443:Infinity":203,"s:444:4:444:Infinity":204,"s:447:22:447:Infinity":205,"s:448:4:448:Infinity":206,"s:451:2:451:Infinity":207,"b:451:21:451:33:451:33:451:48":50,"s:457:35:466:Infinity":208,"f:457:35:457:36":31,"s:458:18:458:Infinity":209,"s:459:15:459:Infinity":210,"s:460:14:460:Infinity":211,"s:461:12:461:Infinity":212,"s:462:2:462:Infinity":213,"s:463:2:463:Infinity":214,"s:464:2:464:Infinity":215,"s:465:2:465:Infinity":216,"s:471:37:511:Infinity":217,"f:471:37:471:Infinity":32,"s:474:2:510:Infinity":218,"f:474:21:474:22":33,"s:475:19:475:Infinity":219,"s:477:4:506:Infinity":220,"f:477:20:477:21":34,"s:478:6:505:Infinity":221,"s:479:25:479:Infinity":222,"b:481:8:484:Infinity:undefined:undefined:undefined:undefined":51,"s:481:8:484:Infinity":223,"s:482:10:482:Infinity":224,"s:483:10:483:Infinity":225,"s:486:34:486:Infinity":226,"s:487:33:487:Infinity":227,"s:489:8:500:Infinity":228,"f:489:25:489:26":35,"b:490:10:493:Infinity:undefined:undefined:undefined:undefined":52,"s:490:10:493:Infinity":229,"s:491:12:491:Infinity":230,"s:492:12:492:Infinity":231,"s:495:10:499:Infinity":232,"b:496:16:496:27:496:27:496:Infinity":53,"b:498:49:498:63:498:63:498:Infinity":54,"s:502:8:502:Infinity":233,"s:504:8:504:Infinity":234,"s:508:4:508:Infinity":235,"f:508:21:508:27":36,"s:508:27:508:Infinity":236,"s:509:4:509:Infinity":237,"s:520:40:621:Infinity":238,"f:520:40:520:Infinity":37,"s:524:2:620:Infinity":239,"f:524:21:524:22":38,"s:525:19:525:Infinity":240,"s:527:4:616:Infinity":241,"f:527:20:527:21":39,"s:528:6:615:Infinity":242,"s:529:21:529:Infinity":243,"s:530:25:530:Infinity":244,"s:531:26:531:Infinity":245,"s:532:26:532:Infinity":246,"s:533:25:533:Infinity":247,"s:535:38:535:Infinity":248,"s:536:33:536:Infinity":249,"s:539:29:539:Infinity":250,"s:540:27:540:Infinity":251,"s:541:27:541:Infinity":252,"s:542:27:542:Infinity":253,"s:543:31:543:Infinity":254,"s:545:8:566:Infinity":255,"s:545:21:545:24":256,"s:546:22:546:Infinity":257,"b:547:10:547:Infinity:undefined:undefined:undefined:undefined":55,"s:547:10:547:Infinity":258,"s:547:20:547:Infinity":259,"s:549:10:560:Infinity":260,"s:549:23:549:26":261,"s:550:25:550:Infinity":262,"b:550:32:550:42:550:42:550:44":56,"b:551:12:551:Infinity:undefined:undefined:undefined:undefined":57,"s:551:12:551:Infinity":263,"s:551:37:551:Infinity":264,"b:552:12:552:Infinity:undefined:undefined:undefined:undefined":58,"s:552:12:552:Infinity":265,"b:552:16:552:40:552:40:552:61":59,"s:552:61:552:Infinity":266,"b:553:12:553:Infinity:undefined:undefined:undefined:undefined":60,"s:553:12:553:Infinity":267,"b:553:16:553:40:553:40:553:65:553:65:553:89":61,"s:553:89:553:Infinity":268,"s:556:27:556:Infinity":269,"b:557:12:559:Infinity:undefined:undefined:undefined:undefined":62,"s:557:12:559:Infinity":270,"b:557:16:557:32:557:32:557:54":63,"s:558:14:558:Infinity":271,"b:562:10:565:Infinity:undefined:undefined:undefined:undefined":64,"s:562:10:565:Infinity":272,"b:562:14:562:35:562:35:562:54":65,"s:563:12:563:Infinity":273,"s:564:12:564:Infinity":274,"b:568:8:571:Infinity:undefined:undefined:undefined:undefined":66,"s:568:8:571:Infinity":275,"s:569:10:569:Infinity":276,"s:570:10:570:Infinity":277,"s:574:8:610:Infinity":278,"s:574:21:574:41":279,"s:575:22:575:Infinity":280,"b:576:10:576:Infinity:undefined:undefined:undefined:undefined":67,"s:576:10:576:Infinity":281,"b:576:14:576:22:576:22:576:40":68,"s:576:40:576:Infinity":282,"s:578:23:578:Infinity":283,"b:578:30:578:51:578:51:578:53":69,"s:579:23:579:Infinity":284,"b:579:30:579:51:579:51:579:53":70,"b:581:10:581:Infinity:undefined:undefined:undefined:undefined":71,"s:581:10:581:Infinity":285,"b:581:14:581:23:581:23:581:30":72,"s:581:30:581:Infinity":286,"s:584:28:584:Infinity":287,"f:584:51:584:56":40,"s:584:56:584:90":288,"b:584:56:584:75:584:75:584:90":73,"s:587:53:587:Infinity":289,"b:588:10:598:Infinity:undefined:undefined:undefined:undefined":74,"s:588:10:598:Infinity":290,"s:589:12:597:Infinity":291,"s:589:27:589:30":292,"s:590:31:590:Infinity":293,"b:591:14:596:Infinity:undefined:undefined:undefined:undefined":75,"s:591:14:596:Infinity":294,"s:592:28:592:Infinity":295,"b:592:35:592:52:592:52:592:54":76,"b:593:16:595:Infinity:undefined:undefined:undefined:undefined":77,"s:593:16:595:Infinity":296,"s:594:18:594:Infinity":297,"s:600:10:609:Infinity":298,"b:601:16:601:35:601:35:601:Infinity":78,"b:602:18:602:26:602:26:602:47:602:47:602:Infinity":79,"b:603:18:603:26:603:26:603:47:603:47:603:Infinity":80,"b:604:25:604:86:604:86:604:113:604:113:604:Infinity":81,"b:605:19:605:41:605:41:605:Infinity":82,"b:607:22:607:47:607:47:607:Infinity":83,"b:608:18:608:39:608:39:608:Infinity":84,"s:612:8:612:Infinity":299,"s:614:8:614:Infinity":300,"s:618:4:618:Infinity":301,"f:618:21:618:27":41,"s:618:27:618:Infinity":302,"s:619:4:619:Infinity":303}}}
}
